ERROR - 2015-04-30T02:33:32+00:00 - exception 'ErrorException' with message 'file_get_contents(/var/cache/avatar/default.jpg): failed to open stream: No such file or directory' in D:\Mywork\ahmed\source\portal.pathtoarabic.com\public\lib\routes-api.inc.php:41
Stack trace:
#0 [internal function]: Slim\Slim::handleErrors(2, 'file_get_conten...', 'D:\Mywork\ahmed...', 41, Array)
#1 D:\Mywork\ahmed\source\portal.pathtoarabic.com\public\lib\routes-api.inc.php(41): file_get_contents('/var/cache/avat...')
#2 [internal function]: {closure}('471')
#3 D:\Mywork\ahmed\source\portal.pathtoarabic.com\vendor\slim\slim\Slim\Router.php(172): call_user_func_array(Object(Closure), Array)
#4 D:\Mywork\ahmed\source\portal.pathtoarabic.com\vendor\slim\slim\Slim\Slim.php(1222): Slim\Router->dispatch(Object(Slim\Route))
#5 D:\Mywork\ahmed\source\portal.pathtoarabic.com\vendor\slim\slim\Slim\Middleware\Flash.php(86): Slim\Slim->call()
#6 D:\Mywork\ahmed\source\portal.pathtoarabic.com\vendor\slim\slim\Slim\Middleware\MethodOverride.php(94): Slim\Middleware\Flash->call()
#7 D:\Mywork\ahmed\source\portal.pathtoarabic.com\vendor\slim\slim\Slim\Middleware\PrettyExceptions.php(67): Slim\Middleware\MethodOverride->call()
#8 D:\Mywork\ahmed\source\portal.pathtoarabic.com\vendor\slim\slim\Slim\Slim.php(1174): Slim\Middleware\PrettyExceptions->call()
#9 D:\Mywork\ahmed\source\portal.pathtoarabic.com\public\index.php(106): Slim\Slim->run()
#10 {main}
ERROR - 2015-04-30T02:33:32+00:00 - exception 'ErrorException' with message 'file_get_contents(/var/cache/avatar/default.jpg): failed to open stream: No such file or directory' in D:\Mywork\ahmed\source\portal.pathtoarabic.com\public\lib\routes-api.inc.php:41
Stack trace:
#0 [internal function]: Slim\Slim::handleErrors(2, 'file_get_conten...', 'D:\Mywork\ahmed...', 41, Array)
#1 D:\Mywork\ahmed\source\portal.pathtoarabic.com\public\lib\routes-api.inc.php(41): file_get_contents('/var/cache/avat...')
#2 [internal function]: {closure}('236')
#3 D:\Mywork\ahmed\source\portal.pathtoarabic.com\vendor\slim\slim\Slim\Router.php(172): call_user_func_array(Object(Closure), Array)
#4 D:\Mywork\ahmed\source\portal.pathtoarabic.com\vendor\slim\slim\Slim\Slim.php(1222): Slim\Router->dispatch(Object(Slim\Route))
#5 D:\Mywork\ahmed\source\portal.pathtoarabic.com\vendor\slim\slim\Slim\Middleware\Flash.php(86): Slim\Slim->call()
#6 D:\Mywork\ahmed\source\portal.pathtoarabic.com\vendor\slim\slim\Slim\Middleware\MethodOverride.php(94): Slim\Middleware\Flash->call()
#7 D:\Mywork\ahmed\source\portal.pathtoarabic.com\vendor\slim\slim\Slim\Middleware\PrettyExceptions.php(67): Slim\Middleware\MethodOverride->call()
#8 D:\Mywork\ahmed\source\portal.pathtoarabic.com\vendor\slim\slim\Slim\Slim.php(1174): Slim\Middleware\PrettyExceptions->call()
#9 D:\Mywork\ahmed\source\portal.pathtoarabic.com\public\index.php(106): Slim\Slim->run()
#10 {main}
ERROR - 2015-04-30T02:33:32+00:00 - exception 'ErrorException' with message 'file_get_contents(/var/cache/avatar/default.jpg): failed to open stream: No such file or directory' in D:\Mywork\ahmed\source\portal.pathtoarabic.com\public\lib\routes-api.inc.php:41
Stack trace:
#0 [internal function]: Slim\Slim::handleErrors(2, 'file_get_conten...', 'D:\Mywork\ahmed...', 41, Array)
#1 D:\Mywork\ahmed\source\portal.pathtoarabic.com\public\lib\routes-api.inc.php(41): file_get_contents('/var/cache/avat...')
#2 [internal function]: {closure}('540')
#3 D:\Mywork\ahmed\source\portal.pathtoarabic.com\vendor\slim\slim\Slim\Router.php(172): call_user_func_array(Object(Closure), Array)
#4 D:\Mywork\ahmed\source\portal.pathtoarabic.com\vendor\slim\slim\Slim\Slim.php(1222): Slim\Router->dispatch(Object(Slim\Route))
#5 D:\Mywork\ahmed\source\portal.pathtoarabic.com\vendor\slim\slim\Slim\Middleware\Flash.php(86): Slim\Slim->call()
#6 D:\Mywork\ahmed\source\portal.pathtoarabic.com\vendor\slim\slim\Slim\Middleware\MethodOverride.php(94): Slim\Middleware\Flash->call()
#7 D:\Mywork\ahmed\source\portal.pathtoarabic.com\vendor\slim\slim\Slim\Middleware\PrettyExceptions.php(67): Slim\Middleware\MethodOverride->call()
#8 D:\Mywork\ahmed\source\portal.pathtoarabic.com\vendor\slim\slim\Slim\Slim.php(1174): Slim\Middleware\PrettyExceptions->call()
#9 D:\Mywork\ahmed\source\portal.pathtoarabic.com\public\index.php(106): Slim\Slim->run()
#10 {main}
ERROR - 2015-04-30T02:33:32+00:00 - exception 'ErrorException' with message 'file_get_contents(/var/cache/avatar/default.jpg): failed to open stream: No such file or directory' in D:\Mywork\ahmed\source\portal.pathtoarabic.com\public\lib\routes-api.inc.php:41
Stack trace:
#0 [internal function]: Slim\Slim::handleErrors(2, 'file_get_conten...', 'D:\Mywork\ahmed...', 41, Array)
#1 D:\Mywork\ahmed\source\portal.pathtoarabic.com\public\lib\routes-api.inc.php(41): file_get_contents('/var/cache/avat...')
#2 [internal function]: {closure}('442')
#3 D:\Mywork\ahmed\source\portal.pathtoarabic.com\vendor\slim\slim\Slim\Router.php(172): call_user_func_array(Object(Closure), Array)
#4 D:\Mywork\ahmed\source\portal.pathtoarabic.com\vendor\slim\slim\Slim\Slim.php(1222): Slim\Router->dispatch(Object(Slim\Route))
#5 D:\Mywork\ahmed\source\portal.pathtoarabic.com\vendor\slim\slim\Slim\Middleware\Flash.php(86): Slim\Slim->call()
#6 D:\Mywork\ahmed\source\portal.pathtoarabic.com\vendor\slim\slim\Slim\Middleware\MethodOverride.php(94): Slim\Middleware\Flash->call()
#7 D:\Mywork\ahmed\source\portal.pathtoarabic.com\vendor\slim\slim\Slim\Middleware\PrettyExceptions.php(67): Slim\Middleware\MethodOverride->call()
#8 D:\Mywork\ahmed\source\portal.pathtoarabic.com\vendor\slim\slim\Slim\Slim.php(1174): Slim\Middleware\PrettyExceptions->call()
#9 D:\Mywork\ahmed\source\portal.pathtoarabic.com\public\index.php(106): Slim\Slim->run()
#10 {main}
ERROR - 2015-04-30T02:46:08+00:00 - exception 'ErrorException' with message 'file_get_contents(/var/cache/avatar/default.jpg): failed to open stream: No such file or directory' in D:\Mywork\ahmed\source\portal.pathtoarabic.com\public\lib\routes-api.inc.php:41
Stack trace:
#0 [internal function]: Slim\Slim::handleErrors(2, 'file_get_conten...', 'D:\Mywork\ahmed...', 41, Array)
#1 D:\Mywork\ahmed\source\portal.pathtoarabic.com\public\lib\routes-api.inc.php(41): file_get_contents('/var/cache/avat...')
#2 [internal function]: {closure}('540')
#3 D:\Mywork\ahmed\source\portal.pathtoarabic.com\vendor\slim\slim\Slim\Router.php(172): call_user_func_array(Object(Closure), Array)
#4 D:\Mywork\ahmed\source\portal.pathtoarabic.com\vendor\slim\slim\Slim\Slim.php(1222): Slim\Router->dispatch(Object(Slim\Route))
#5 D:\Mywork\ahmed\source\portal.pathtoarabic.com\vendor\slim\slim\Slim\Middleware\Flash.php(86): Slim\Slim->call()
#6 D:\Mywork\ahmed\source\portal.pathtoarabic.com\vendor\slim\slim\Slim\Middleware\MethodOverride.php(94): Slim\Middleware\Flash->call()
#7 D:\Mywork\ahmed\source\portal.pathtoarabic.com\vendor\slim\slim\Slim\Middleware\PrettyExceptions.php(67): Slim\Middleware\MethodOverride->call()
#8 D:\Mywork\ahmed\source\portal.pathtoarabic.com\vendor\slim\slim\Slim\Slim.php(1174): Slim\Middleware\PrettyExceptions->call()
#9 D:\Mywork\ahmed\source\portal.pathtoarabic.com\public\index.php(106): Slim\Slim->run()
#10 {main}
ERROR - 2015-04-30T02:46:09+00:00 - exception 'ErrorException' with message 'file_get_contents(/var/cache/avatar/default.jpg): failed to open stream: No such file or directory' in D:\Mywork\ahmed\source\portal.pathtoarabic.com\public\lib\routes-api.inc.php:41
Stack trace:
#0 [internal function]: Slim\Slim::handleErrors(2, 'file_get_conten...', 'D:\Mywork\ahmed...', 41, Array)
#1 D:\Mywork\ahmed\source\portal.pathtoarabic.com\public\lib\routes-api.inc.php(41): file_get_contents('/var/cache/avat...')
#2 [internal function]: {closure}('442')
#3 D:\Mywork\ahmed\source\portal.pathtoarabic.com\vendor\slim\slim\Slim\Router.php(172): call_user_func_array(Object(Closure), Array)
#4 D:\Mywork\ahmed\source\portal.pathtoarabic.com\vendor\slim\slim\Slim\Slim.php(1222): Slim\Router->dispatch(Object(Slim\Route))
#5 D:\Mywork\ahmed\source\portal.pathtoarabic.com\vendor\slim\slim\Slim\Middleware\Flash.php(86): Slim\Slim->call()
#6 D:\Mywork\ahmed\source\portal.pathtoarabic.com\vendor\slim\slim\Slim\Middleware\MethodOverride.php(94): Slim\Middleware\Flash->call()
#7 D:\Mywork\ahmed\source\portal.pathtoarabic.com\vendor\slim\slim\Slim\Middleware\PrettyExceptions.php(67): Slim\Middleware\MethodOverride->call()
#8 D:\Mywork\ahmed\source\portal.pathtoarabic.com\vendor\slim\slim\Slim\Slim.php(1174): Slim\Middleware\PrettyExceptions->call()
#9 D:\Mywork\ahmed\source\portal.pathtoarabic.com\public\index.php(106): Slim\Slim->run()
#10 {main}
ERROR - 2015-04-30T02:46:09+00:00 - exception 'ErrorException' with message 'file_get_contents(/var/cache/avatar/default.jpg): failed to open stream: No such file or directory' in D:\Mywork\ahmed\source\portal.pathtoarabic.com\public\lib\routes-api.inc.php:41
Stack trace:
#0 [internal function]: Slim\Slim::handleErrors(2, 'file_get_conten...', 'D:\Mywork\ahmed...', 41, Array)
#1 D:\Mywork\ahmed\source\portal.pathtoarabic.com\public\lib\routes-api.inc.php(41): file_get_contents('/var/cache/avat...')
#2 [internal function]: {closure}('471')
#3 D:\Mywork\ahmed\source\portal.pathtoarabic.com\vendor\slim\slim\Slim\Router.php(172): call_user_func_array(Object(Closure), Array)
#4 D:\Mywork\ahmed\source\portal.pathtoarabic.com\vendor\slim\slim\Slim\Slim.php(1222): Slim\Router->dispatch(Object(Slim\Route))
#5 D:\Mywork\ahmed\source\portal.pathtoarabic.com\vendor\slim\slim\Slim\Middleware\Flash.php(86): Slim\Slim->call()
#6 D:\Mywork\ahmed\source\portal.pathtoarabic.com\vendor\slim\slim\Slim\Middleware\MethodOverride.php(94): Slim\Middleware\Flash->call()
#7 D:\Mywork\ahmed\source\portal.pathtoarabic.com\vendor\slim\slim\Slim\Middleware\PrettyExceptions.php(67): Slim\Middleware\MethodOverride->call()
#8 D:\Mywork\ahmed\source\portal.pathtoarabic.com\vendor\slim\slim\Slim\Slim.php(1174): Slim\Middleware\PrettyExceptions->call()
#9 D:\Mywork\ahmed\source\portal.pathtoarabic.com\public\index.php(106): Slim\Slim->run()
#10 {main}
ERROR - 2015-04-30T02:46:09+00:00 - exception 'ErrorException' with message 'file_get_contents(/var/cache/avatar/default.jpg): failed to open stream: No such file or directory' in D:\Mywork\ahmed\source\portal.pathtoarabic.com\public\lib\routes-api.inc.php:41
Stack trace:
#0 [internal function]: Slim\Slim::handleErrors(2, 'file_get_conten...', 'D:\Mywork\ahmed...', 41, Array)
#1 D:\Mywork\ahmed\source\portal.pathtoarabic.com\public\lib\routes-api.inc.php(41): file_get_contents('/var/cache/avat...')
#2 [internal function]: {closure}('236')
#3 D:\Mywork\ahmed\source\portal.pathtoarabic.com\vendor\slim\slim\Slim\Router.php(172): call_user_func_array(Object(Closure), Array)
#4 D:\Mywork\ahmed\source\portal.pathtoarabic.com\vendor\slim\slim\Slim\Slim.php(1222): Slim\Router->dispatch(Object(Slim\Route))
#5 D:\Mywork\ahmed\source\portal.pathtoarabic.com\vendor\slim\slim\Slim\Middleware\Flash.php(86): Slim\Slim->call()
#6 D:\Mywork\ahmed\source\portal.pathtoarabic.com\vendor\slim\slim\Slim\Middleware\MethodOverride.php(94): Slim\Middleware\Flash->call()
#7 D:\Mywork\ahmed\source\portal.pathtoarabic.com\vendor\slim\slim\Slim\Middleware\PrettyExceptions.php(67): Slim\Middleware\MethodOverride->call()
#8 D:\Mywork\ahmed\source\portal.pathtoarabic.com\vendor\slim\slim\Slim\Slim.php(1174): Slim\Middleware\PrettyExceptions->call()
#9 D:\Mywork\ahmed\source\portal.pathtoarabic.com\public\index.php(106): Slim\Slim->run()
#10 {main}
ERROR - 2015-04-30T03:42:16+00:00 - exception 'ErrorException' with message 'file_get_contents(/var/cache/avatar/default.jpg): failed to open stream: No such file or directory' in D:\Mywork\ahmed\source\portal.pathtoarabic.com\public\lib\routes-api.inc.php:41
Stack trace:
#0 [internal function]: Slim\Slim::handleErrors(2, 'file_get_conten...', 'D:\Mywork\ahmed...', 41, Array)
#1 D:\Mywork\ahmed\source\portal.pathtoarabic.com\public\lib\routes-api.inc.php(41): file_get_contents('/var/cache/avat...')
#2 [internal function]: {closure}('442')
#3 D:\Mywork\ahmed\source\portal.pathtoarabic.com\vendor\slim\slim\Slim\Router.php(172): call_user_func_array(Object(Closure), Array)
#4 D:\Mywork\ahmed\source\portal.pathtoarabic.com\vendor\slim\slim\Slim\Slim.php(1222): Slim\Router->dispatch(Object(Slim\Route))
#5 D:\Mywork\ahmed\source\portal.pathtoarabic.com\vendor\slim\slim\Slim\Middleware\Flash.php(86): Slim\Slim->call()
#6 D:\Mywork\ahmed\source\portal.pathtoarabic.com\vendor\slim\slim\Slim\Middleware\MethodOverride.php(94): Slim\Middleware\Flash->call()
#7 D:\Mywork\ahmed\source\portal.pathtoarabic.com\vendor\slim\slim\Slim\Middleware\PrettyExceptions.php(67): Slim\Middleware\MethodOverride->call()
#8 D:\Mywork\ahmed\source\portal.pathtoarabic.com\vendor\slim\slim\Slim\Slim.php(1174): Slim\Middleware\PrettyExceptions->call()
#9 D:\Mywork\ahmed\source\portal.pathtoarabic.com\public\index.php(106): Slim\Slim->run()
#10 {main}
ERROR - 2015-04-30T03:42:16+00:00 - exception 'ErrorException' with message 'file_get_contents(/var/cache/avatar/default.jpg): failed to open stream: No such file or directory' in D:\Mywork\ahmed\source\portal.pathtoarabic.com\public\lib\routes-api.inc.php:41
Stack trace:
#0 [internal function]: Slim\Slim::handleErrors(2, 'file_get_conten...', 'D:\Mywork\ahmed...', 41, Array)
#1 D:\Mywork\ahmed\source\portal.pathtoarabic.com\public\lib\routes-api.inc.php(41): file_get_contents('/var/cache/avat...')
#2 [internal function]: {closure}('236')
#3 D:\Mywork\ahmed\source\portal.pathtoarabic.com\vendor\slim\slim\Slim\Router.php(172): call_user_func_array(Object(Closure), Array)
#4 D:\Mywork\ahmed\source\portal.pathtoarabic.com\vendor\slim\slim\Slim\Slim.php(1222): Slim\Router->dispatch(Object(Slim\Route))
#5 D:\Mywork\ahmed\source\portal.pathtoarabic.com\vendor\slim\slim\Slim\Middleware\Flash.php(86): Slim\Slim->call()
#6 D:\Mywork\ahmed\source\portal.pathtoarabic.com\vendor\slim\slim\Slim\Middleware\MethodOverride.php(94): Slim\Middleware\Flash->call()
#7 D:\Mywork\ahmed\source\portal.pathtoarabic.com\vendor\slim\slim\Slim\Middleware\PrettyExceptions.php(67): Slim\Middleware\MethodOverride->call()
#8 D:\Mywork\ahmed\source\portal.pathtoarabic.com\vendor\slim\slim\Slim\Slim.php(1174): Slim\Middleware\PrettyExceptions->call()
#9 D:\Mywork\ahmed\source\portal.pathtoarabic.com\public\index.php(106): Slim\Slim->run()
#10 {main}
ERROR - 2015-04-30T03:42:16+00:00 - exception 'ErrorException' with message 'file_get_contents(/var/cache/avatar/default.jpg): failed to open stream: No such file or directory' in D:\Mywork\ahmed\source\portal.pathtoarabic.com\public\lib\routes-api.inc.php:41
Stack trace:
#0 [internal function]: Slim\Slim::handleErrors(2, 'file_get_conten...', 'D:\Mywork\ahmed...', 41, Array)
#1 D:\Mywork\ahmed\source\portal.pathtoarabic.com\public\lib\routes-api.inc.php(41): file_get_contents('/var/cache/avat...')
#2 [internal function]: {closure}('471')
#3 D:\Mywork\ahmed\source\portal.pathtoarabic.com\vendor\slim\slim\Slim\Router.php(172): call_user_func_array(Object(Closure), Array)
#4 D:\Mywork\ahmed\source\portal.pathtoarabic.com\vendor\slim\slim\Slim\Slim.php(1222): Slim\Router->dispatch(Object(Slim\Route))
#5 D:\Mywork\ahmed\source\portal.pathtoarabic.com\vendor\slim\slim\Slim\Middleware\Flash.php(86): Slim\Slim->call()
#6 D:\Mywork\ahmed\source\portal.pathtoarabic.com\vendor\slim\slim\Slim\Middleware\MethodOverride.php(94): Slim\Middleware\Flash->call()
#7 D:\Mywork\ahmed\source\portal.pathtoarabic.com\vendor\slim\slim\Slim\Middleware\PrettyExceptions.php(67): Slim\Middleware\MethodOverride->call()
#8 D:\Mywork\ahmed\source\portal.pathtoarabic.com\vendor\slim\slim\Slim\Slim.php(1174): Slim\Middleware\PrettyExceptions->call()
#9 D:\Mywork\ahmed\source\portal.pathtoarabic.com\public\index.php(106): Slim\Slim->run()
#10 {main}
ERROR - 2015-04-30T03:42:16+00:00 - exception 'ErrorException' with message 'file_get_contents(/var/cache/avatar/default.jpg): failed to open stream: No such file or directory' in D:\Mywork\ahmed\source\portal.pathtoarabic.com\public\lib\routes-api.inc.php:41
Stack trace:
#0 [internal function]: Slim\Slim::handleErrors(2, 'file_get_conten...', 'D:\Mywork\ahmed...', 41, Array)
#1 D:\Mywork\ahmed\source\portal.pathtoarabic.com\public\lib\routes-api.inc.php(41): file_get_contents('/var/cache/avat...')
#2 [internal function]: {closure}('540')
#3 D:\Mywork\ahmed\source\portal.pathtoarabic.com\vendor\slim\slim\Slim\Router.php(172): call_user_func_array(Object(Closure), Array)
#4 D:\Mywork\ahmed\source\portal.pathtoarabic.com\vendor\slim\slim\Slim\Slim.php(1222): Slim\Router->dispatch(Object(Slim\Route))
#5 D:\Mywork\ahmed\source\portal.pathtoarabic.com\vendor\slim\slim\Slim\Middleware\Flash.php(86): Slim\Slim->call()
#6 D:\Mywork\ahmed\source\portal.pathtoarabic.com\vendor\slim\slim\Slim\Middleware\MethodOverride.php(94): Slim\Middleware\Flash->call()
#7 D:\Mywork\ahmed\source\portal.pathtoarabic.com\vendor\slim\slim\Slim\Middleware\PrettyExceptions.php(67): Slim\Middleware\MethodOverride->call()
#8 D:\Mywork\ahmed\source\portal.pathtoarabic.com\vendor\slim\slim\Slim\Slim.php(1174): Slim\Middleware\PrettyExceptions->call()
#9 D:\Mywork\ahmed\source\portal.pathtoarabic.com\public\index.php(106): Slim\Slim->run()
#10 {main}
ERROR - 2015-04-30T03:42:24+00:00 - exception 'ErrorException' with message 'file_get_contents(/var/cache/avatar/default.jpg): failed to open stream: No such file or directory' in D:\Mywork\ahmed\source\portal.pathtoarabic.com\public\lib\routes-api.inc.php:41
Stack trace:
#0 [internal function]: Slim\Slim::handleErrors(2, 'file_get_conten...', 'D:\Mywork\ahmed...', 41, Array)
#1 D:\Mywork\ahmed\source\portal.pathtoarabic.com\public\lib\routes-api.inc.php(41): file_get_contents('/var/cache/avat...')
#2 [internal function]: {closure}('540')
#3 D:\Mywork\ahmed\source\portal.pathtoarabic.com\vendor\slim\slim\Slim\Router.php(172): call_user_func_array(Object(Closure), Array)
#4 D:\Mywork\ahmed\source\portal.pathtoarabic.com\vendor\slim\slim\Slim\Slim.php(1222): Slim\Router->dispatch(Object(Slim\Route))
#5 D:\Mywork\ahmed\source\portal.pathtoarabic.com\vendor\slim\slim\Slim\Middleware\Flash.php(86): Slim\Slim->call()
#6 D:\Mywork\ahmed\source\portal.pathtoarabic.com\vendor\slim\slim\Slim\Middleware\MethodOverride.php(94): Slim\Middleware\Flash->call()
#7 D:\Mywork\ahmed\source\portal.pathtoarabic.com\vendor\slim\slim\Slim\Middleware\PrettyExceptions.php(67): Slim\Middleware\MethodOverride->call()
#8 D:\Mywork\ahmed\source\portal.pathtoarabic.com\vendor\slim\slim\Slim\Slim.php(1174): Slim\Middleware\PrettyExceptions->call()
#9 D:\Mywork\ahmed\source\portal.pathtoarabic.com\public\index.php(106): Slim\Slim->run()
#10 {main}
ERROR - 2015-04-30T03:42:24+00:00 - exception 'ErrorException' with message 'file_get_contents(/var/cache/avatar/default.jpg): failed to open stream: No such file or directory' in D:\Mywork\ahmed\source\portal.pathtoarabic.com\public\lib\routes-api.inc.php:41
Stack trace:
#0 [internal function]: Slim\Slim::handleErrors(2, 'file_get_conten...', 'D:\Mywork\ahmed...', 41, Array)
#1 D:\Mywork\ahmed\source\portal.pathtoarabic.com\public\lib\routes-api.inc.php(41): file_get_contents('/var/cache/avat...')
#2 [internal function]: {closure}('236')
#3 D:\Mywork\ahmed\source\portal.pathtoarabic.com\vendor\slim\slim\Slim\Router.php(172): call_user_func_array(Object(Closure), Array)
#4 D:\Mywork\ahmed\source\portal.pathtoarabic.com\vendor\slim\slim\Slim\Slim.php(1222): Slim\Router->dispatch(Object(Slim\Route))
#5 D:\Mywork\ahmed\source\portal.pathtoarabic.com\vendor\slim\slim\Slim\Middleware\Flash.php(86): Slim\Slim->call()
#6 D:\Mywork\ahmed\source\portal.pathtoarabic.com\vendor\slim\slim\Slim\Middleware\MethodOverride.php(94): Slim\Middleware\Flash->call()
#7 D:\Mywork\ahmed\source\portal.pathtoarabic.com\vendor\slim\slim\Slim\Middleware\PrettyExceptions.php(67): Slim\Middleware\MethodOverride->call()
#8 D:\Mywork\ahmed\source\portal.pathtoarabic.com\vendor\slim\slim\Slim\Slim.php(1174): Slim\Middleware\PrettyExceptions->call()
#9 D:\Mywork\ahmed\source\portal.pathtoarabic.com\public\index.php(106): Slim\Slim->run()
#10 {main}
ERROR - 2015-04-30T03:42:24+00:00 - exception 'ErrorException' with message 'file_get_contents(/var/cache/avatar/default.jpg): failed to open stream: No such file or directory' in D:\Mywork\ahmed\source\portal.pathtoarabic.com\public\lib\routes-api.inc.php:41
Stack trace:
#0 [internal function]: Slim\Slim::handleErrors(2, 'file_get_conten...', 'D:\Mywork\ahmed...', 41, Array)
#1 D:\Mywork\ahmed\source\portal.pathtoarabic.com\public\lib\routes-api.inc.php(41): file_get_contents('/var/cache/avat...')
#2 [internal function]: {closure}('471')
#3 D:\Mywork\ahmed\source\portal.pathtoarabic.com\vendor\slim\slim\Slim\Router.php(172): call_user_func_array(Object(Closure), Array)
#4 D:\Mywork\ahmed\source\portal.pathtoarabic.com\vendor\slim\slim\Slim\Slim.php(1222): Slim\Router->dispatch(Object(Slim\Route))
#5 D:\Mywork\ahmed\source\portal.pathtoarabic.com\vendor\slim\slim\Slim\Middleware\Flash.php(86): Slim\Slim->call()
#6 D:\Mywork\ahmed\source\portal.pathtoarabic.com\vendor\slim\slim\Slim\Middleware\MethodOverride.php(94): Slim\Middleware\Flash->call()
#7 D:\Mywork\ahmed\source\portal.pathtoarabic.com\vendor\slim\slim\Slim\Middleware\PrettyExceptions.php(67): Slim\Middleware\MethodOverride->call()
#8 D:\Mywork\ahmed\source\portal.pathtoarabic.com\vendor\slim\slim\Slim\Slim.php(1174): Slim\Middleware\PrettyExceptions->call()
#9 D:\Mywork\ahmed\source\portal.pathtoarabic.com\public\index.php(106): Slim\Slim->run()
#10 {main}
ERROR - 2015-04-30T03:42:24+00:00 - exception 'ErrorException' with message 'file_get_contents(/var/cache/avatar/default.jpg): failed to open stream: No such file or directory' in D:\Mywork\ahmed\source\portal.pathtoarabic.com\public\lib\routes-api.inc.php:41
Stack trace:
#0 [internal function]: Slim\Slim::handleErrors(2, 'file_get_conten...', 'D:\Mywork\ahmed...', 41, Array)
#1 D:\Mywork\ahmed\source\portal.pathtoarabic.com\public\lib\routes-api.inc.php(41): file_get_contents('/var/cache/avat...')
#2 [internal function]: {closure}('442')
#3 D:\Mywork\ahmed\source\portal.pathtoarabic.com\vendor\slim\slim\Slim\Router.php(172): call_user_func_array(Object(Closure), Array)
#4 D:\Mywork\ahmed\source\portal.pathtoarabic.com\vendor\slim\slim\Slim\Slim.php(1222): Slim\Router->dispatch(Object(Slim\Route))
#5 D:\Mywork\ahmed\source\portal.pathtoarabic.com\vendor\slim\slim\Slim\Middleware\Flash.php(86): Slim\Slim->call()
#6 D:\Mywork\ahmed\source\portal.pathtoarabic.com\vendor\slim\slim\Slim\Middleware\MethodOverride.php(94): Slim\Middleware\Flash->call()
#7 D:\Mywork\ahmed\source\portal.pathtoarabic.com\vendor\slim\slim\Slim\Middleware\PrettyExceptions.php(67): Slim\Middleware\MethodOverride->call()
#8 D:\Mywork\ahmed\source\portal.pathtoarabic.com\vendor\slim\slim\Slim\Slim.php(1174): Slim\Middleware\PrettyExceptions->call()
#9 D:\Mywork\ahmed\source\portal.pathtoarabic.com\public\index.php(106): Slim\Slim->run()
#10 {main}
ERROR - 2015-04-30T04:02:26+00:00 - exception 'ErrorException' with message 'file_get_contents(/var/cache/avatar/default.jpg): failed to open stream: No such file or directory' in D:\Mywork\ahmed\source\portal.pathtoarabic.com\public\lib\routes-api.inc.php:41
Stack trace:
#0 [internal function]: Slim\Slim::handleErrors(2, 'file_get_conten...', 'D:\Mywork\ahmed...', 41, Array)
#1 D:\Mywork\ahmed\source\portal.pathtoarabic.com\public\lib\routes-api.inc.php(41): file_get_contents('/var/cache/avat...')
#2 [internal function]: {closure}('540')
#3 D:\Mywork\ahmed\source\portal.pathtoarabic.com\vendor\slim\slim\Slim\Router.php(172): call_user_func_array(Object(Closure), Array)
#4 D:\Mywork\ahmed\source\portal.pathtoarabic.com\vendor\slim\slim\Slim\Slim.php(1222): Slim\Router->dispatch(Object(Slim\Route))
#5 D:\Mywork\ahmed\source\portal.pathtoarabic.com\vendor\slim\slim\Slim\Middleware\Flash.php(86): Slim\Slim->call()
#6 D:\Mywork\ahmed\source\portal.pathtoarabic.com\vendor\slim\slim\Slim\Middleware\MethodOverride.php(94): Slim\Middleware\Flash->call()
#7 D:\Mywork\ahmed\source\portal.pathtoarabic.com\vendor\slim\slim\Slim\Middleware\PrettyExceptions.php(67): Slim\Middleware\MethodOverride->call()
#8 D:\Mywork\ahmed\source\portal.pathtoarabic.com\vendor\slim\slim\Slim\Slim.php(1174): Slim\Middleware\PrettyExceptions->call()
#9 D:\Mywork\ahmed\source\portal.pathtoarabic.com\public\index.php(106): Slim\Slim->run()
#10 {main}
ERROR - 2015-04-30T04:02:26+00:00 - exception 'ErrorException' with message 'file_get_contents(/var/cache/avatar/default.jpg): failed to open stream: No such file or directory' in D:\Mywork\ahmed\source\portal.pathtoarabic.com\public\lib\routes-api.inc.php:41
Stack trace:
#0 [internal function]: Slim\Slim::handleErrors(2, 'file_get_conten...', 'D:\Mywork\ahmed...', 41, Array)
#1 D:\Mywork\ahmed\source\portal.pathtoarabic.com\public\lib\routes-api.inc.php(41): file_get_contents('/var/cache/avat...')
#2 [internal function]: {closure}('471')
#3 D:\Mywork\ahmed\source\portal.pathtoarabic.com\vendor\slim\slim\Slim\Router.php(172): call_user_func_array(Object(Closure), Array)
#4 D:\Mywork\ahmed\source\portal.pathtoarabic.com\vendor\slim\slim\Slim\Slim.php(1222): Slim\Router->dispatch(Object(Slim\Route))
#5 D:\Mywork\ahmed\source\portal.pathtoarabic.com\vendor\slim\slim\Slim\Middleware\Flash.php(86): Slim\Slim->call()
#6 D:\Mywork\ahmed\source\portal.pathtoarabic.com\vendor\slim\slim\Slim\Middleware\MethodOverride.php(94): Slim\Middleware\Flash->call()
#7 D:\Mywork\ahmed\source\portal.pathtoarabic.com\vendor\slim\slim\Slim\Middleware\PrettyExceptions.php(67): Slim\Middleware\MethodOverride->call()
#8 D:\Mywork\ahmed\source\portal.pathtoarabic.com\vendor\slim\slim\Slim\Slim.php(1174): Slim\Middleware\PrettyExceptions->call()
#9 D:\Mywork\ahmed\source\portal.pathtoarabic.com\public\index.php(106): Slim\Slim->run()
#10 {main}
ERROR - 2015-04-30T04:02:26+00:00 - exception 'ErrorException' with message 'file_get_contents(/var/cache/avatar/default.jpg): failed to open stream: No such file or directory' in D:\Mywork\ahmed\source\portal.pathtoarabic.com\public\lib\routes-api.inc.php:41
Stack trace:
#0 [internal function]: Slim\Slim::handleErrors(2, 'file_get_conten...', 'D:\Mywork\ahmed...', 41, Array)
#1 D:\Mywork\ahmed\source\portal.pathtoarabic.com\public\lib\routes-api.inc.php(41): file_get_contents('/var/cache/avat...')
#2 [internal function]: {closure}('442')
#3 D:\Mywork\ahmed\source\portal.pathtoarabic.com\vendor\slim\slim\Slim\Router.php(172): call_user_func_array(Object(Closure), Array)
#4 D:\Mywork\ahmed\source\portal.pathtoarabic.com\vendor\slim\slim\Slim\Slim.php(1222): Slim\Router->dispatch(Object(Slim\Route))
#5 D:\Mywork\ahmed\source\portal.pathtoarabic.com\vendor\slim\slim\Slim\Middleware\Flash.php(86): Slim\Slim->call()
#6 D:\Mywork\ahmed\source\portal.pathtoarabic.com\vendor\slim\slim\Slim\Middleware\MethodOverride.php(94): Slim\Middleware\Flash->call()
#7 D:\Mywork\ahmed\source\portal.pathtoarabic.com\vendor\slim\slim\Slim\Middleware\PrettyExceptions.php(67): Slim\Middleware\MethodOverride->call()
#8 D:\Mywork\ahmed\source\portal.pathtoarabic.com\vendor\slim\slim\Slim\Slim.php(1174): Slim\Middleware\PrettyExceptions->call()
#9 D:\Mywork\ahmed\source\portal.pathtoarabic.com\public\index.php(106): Slim\Slim->run()
#10 {main}
ERROR - 2015-04-30T04:02:29+00:00 - exception 'ErrorException' with message 'file_get_contents(/var/cache/avatar/default.jpg): failed to open stream: No such file or directory' in D:\Mywork\ahmed\source\portal.pathtoarabic.com\public\lib\routes-api.inc.php:41
Stack trace:
#0 [internal function]: Slim\Slim::handleErrors(2, 'file_get_conten...', 'D:\Mywork\ahmed...', 41, Array)
#1 D:\Mywork\ahmed\source\portal.pathtoarabic.com\public\lib\routes-api.inc.php(41): file_get_contents('/var/cache/avat...')
#2 [internal function]: {closure}('236')
#3 D:\Mywork\ahmed\source\portal.pathtoarabic.com\vendor\slim\slim\Slim\Router.php(172): call_user_func_array(Object(Closure), Array)
#4 D:\Mywork\ahmed\source\portal.pathtoarabic.com\vendor\slim\slim\Slim\Slim.php(1222): Slim\Router->dispatch(Object(Slim\Route))
#5 D:\Mywork\ahmed\source\portal.pathtoarabic.com\vendor\slim\slim\Slim\Middleware\Flash.php(86): Slim\Slim->call()
#6 D:\Mywork\ahmed\source\portal.pathtoarabic.com\vendor\slim\slim\Slim\Middleware\MethodOverride.php(94): Slim\Middleware\Flash->call()
#7 D:\Mywork\ahmed\source\portal.pathtoarabic.com\vendor\slim\slim\Slim\Middleware\PrettyExceptions.php(67): Slim\Middleware\MethodOverride->call()
#8 D:\Mywork\ahmed\source\portal.pathtoarabic.com\vendor\slim\slim\Slim\Slim.php(1174): Slim\Middleware\PrettyExceptions->call()
#9 D:\Mywork\ahmed\source\portal.pathtoarabic.com\public\index.php(106): Slim\Slim->run()
#10 {main}
ERROR - 2015-04-30T04:02:33+00:00 - exception 'ErrorException' with message 'file_get_contents(/var/cache/avatar/default.jpg): failed to open stream: No such file or directory' in D:\Mywork\ahmed\source\portal.pathtoarabic.com\public\lib\routes-api.inc.php:41
Stack trace:
#0 [internal function]: Slim\Slim::handleErrors(2, 'file_get_conten...', 'D:\Mywork\ahmed...', 41, Array)
#1 D:\Mywork\ahmed\source\portal.pathtoarabic.com\public\lib\routes-api.inc.php(41): file_get_contents('/var/cache/avat...')
#2 [internal function]: {closure}('540')
#3 D:\Mywork\ahmed\source\portal.pathtoarabic.com\vendor\slim\slim\Slim\Router.php(172): call_user_func_array(Object(Closure), Array)
#4 D:\Mywork\ahmed\source\portal.pathtoarabic.com\vendor\slim\slim\Slim\Slim.php(1222): Slim\Router->dispatch(Object(Slim\Route))
#5 D:\Mywork\ahmed\source\portal.pathtoarabic.com\vendor\slim\slim\Slim\Middleware\Flash.php(86): Slim\Slim->call()
#6 D:\Mywork\ahmed\source\portal.pathtoarabic.com\vendor\slim\slim\Slim\Middleware\MethodOverride.php(94): Slim\Middleware\Flash->call()
#7 D:\Mywork\ahmed\source\portal.pathtoarabic.com\vendor\slim\slim\Slim\Middleware\PrettyExceptions.php(67): Slim\Middleware\MethodOverride->call()
#8 D:\Mywork\ahmed\source\portal.pathtoarabic.com\vendor\slim\slim\Slim\Slim.php(1174): Slim\Middleware\PrettyExceptions->call()
#9 D:\Mywork\ahmed\source\portal.pathtoarabic.com\public\index.php(106): Slim\Slim->run()
#10 {main}
ERROR - 2015-04-30T04:02:34+00:00 - exception 'ErrorException' with message 'file_get_contents(/var/cache/avatar/default.jpg): failed to open stream: No such file or directory' in D:\Mywork\ahmed\source\portal.pathtoarabic.com\public\lib\routes-api.inc.php:41
Stack trace:
#0 [internal function]: Slim\Slim::handleErrors(2, 'file_get_conten...', 'D:\Mywork\ahmed...', 41, Array)
#1 D:\Mywork\ahmed\source\portal.pathtoarabic.com\public\lib\routes-api.inc.php(41): file_get_contents('/var/cache/avat...')
#2 [internal function]: {closure}('442')
#3 D:\Mywork\ahmed\source\portal.pathtoarabic.com\vendor\slim\slim\Slim\Router.php(172): call_user_func_array(Object(Closure), Array)
#4 D:\Mywork\ahmed\source\portal.pathtoarabic.com\vendor\slim\slim\Slim\Slim.php(1222): Slim\Router->dispatch(Object(Slim\Route))
#5 D:\Mywork\ahmed\source\portal.pathtoarabic.com\vendor\slim\slim\Slim\Middleware\Flash.php(86): Slim\Slim->call()
#6 D:\Mywork\ahmed\source\portal.pathtoarabic.com\vendor\slim\slim\Slim\Middleware\MethodOverride.php(94): Slim\Middleware\Flash->call()
#7 D:\Mywork\ahmed\source\portal.pathtoarabic.com\vendor\slim\slim\Slim\Middleware\PrettyExceptions.php(67): Slim\Middleware\MethodOverride->call()
#8 D:\Mywork\ahmed\source\portal.pathtoarabic.com\vendor\slim\slim\Slim\Slim.php(1174): Slim\Middleware\PrettyExceptions->call()
#9 D:\Mywork\ahmed\source\portal.pathtoarabic.com\public\index.php(106): Slim\Slim->run()
#10 {main}
ERROR - 2015-04-30T04:02:34+00:00 - exception 'ErrorException' with message 'file_get_contents(/var/cache/avatar/default.jpg): failed to open stream: No such file or directory' in D:\Mywork\ahmed\source\portal.pathtoarabic.com\public\lib\routes-api.inc.php:41
Stack trace:
#0 [internal function]: Slim\Slim::handleErrors(2, 'file_get_conten...', 'D:\Mywork\ahmed...', 41, Array)
#1 D:\Mywork\ahmed\source\portal.pathtoarabic.com\public\lib\routes-api.inc.php(41): file_get_contents('/var/cache/avat...')
#2 [internal function]: {closure}('236')
#3 D:\Mywork\ahmed\source\portal.pathtoarabic.com\vendor\slim\slim\Slim\Router.php(172): call_user_func_array(Object(Closure), Array)
#4 D:\Mywork\ahmed\source\portal.pathtoarabic.com\vendor\slim\slim\Slim\Slim.php(1222): Slim\Router->dispatch(Object(Slim\Route))
#5 D:\Mywork\ahmed\source\portal.pathtoarabic.com\vendor\slim\slim\Slim\Middleware\Flash.php(86): Slim\Slim->call()
#6 D:\Mywork\ahmed\source\portal.pathtoarabic.com\vendor\slim\slim\Slim\Middleware\MethodOverride.php(94): Slim\Middleware\Flash->call()
#7 D:\Mywork\ahmed\source\portal.pathtoarabic.com\vendor\slim\slim\Slim\Middleware\PrettyExceptions.php(67): Slim\Middleware\MethodOverride->call()
#8 D:\Mywork\ahmed\source\portal.pathtoarabic.com\vendor\slim\slim\Slim\Slim.php(1174): Slim\Middleware\PrettyExceptions->call()
#9 D:\Mywork\ahmed\source\portal.pathtoarabic.com\public\index.php(106): Slim\Slim->run()
#10 {main}
ERROR - 2015-04-30T04:02:34+00:00 - exception 'ErrorException' with message 'file_get_contents(/var/cache/avatar/default.jpg): failed to open stream: No such file or directory' in D:\Mywork\ahmed\source\portal.pathtoarabic.com\public\lib\routes-api.inc.php:41
Stack trace:
#0 [internal function]: Slim\Slim::handleErrors(2, 'file_get_conten...', 'D:\Mywork\ahmed...', 41, Array)
#1 D:\Mywork\ahmed\source\portal.pathtoarabic.com\public\lib\routes-api.inc.php(41): file_get_contents('/var/cache/avat...')
#2 [internal function]: {closure}('471')
#3 D:\Mywork\ahmed\source\portal.pathtoarabic.com\vendor\slim\slim\Slim\Router.php(172): call_user_func_array(Object(Closure), Array)
#4 D:\Mywork\ahmed\source\portal.pathtoarabic.com\vendor\slim\slim\Slim\Slim.php(1222): Slim\Router->dispatch(Object(Slim\Route))
#5 D:\Mywork\ahmed\source\portal.pathtoarabic.com\vendor\slim\slim\Slim\Middleware\Flash.php(86): Slim\Slim->call()
#6 D:\Mywork\ahmed\source\portal.pathtoarabic.com\vendor\slim\slim\Slim\Middleware\MethodOverride.php(94): Slim\Middleware\Flash->call()
#7 D:\Mywork\ahmed\source\portal.pathtoarabic.com\vendor\slim\slim\Slim\Middleware\PrettyExceptions.php(67): Slim\Middleware\MethodOverride->call()
#8 D:\Mywork\ahmed\source\portal.pathtoarabic.com\vendor\slim\slim\Slim\Slim.php(1174): Slim\Middleware\PrettyExceptions->call()
#9 D:\Mywork\ahmed\source\portal.pathtoarabic.com\public\index.php(106): Slim\Slim->run()
#10 {main}
ERROR - 2015-04-30T06:04:54+00:00 - exception 'PDOException' with message 'SQLSTATE[70100]: <<Unknown error>>: 1317 Query execution was interrupted' in D:\Mywork\ahmed\source\portal.pathtoarabic.com\public\class\PTA\App.php:74
Stack trace:
#0 D:\Mywork\ahmed\source\portal.pathtoarabic.com\public\class\PTA\App.php(74): PDOStatement->execute()
#1 D:\Mywork\ahmed\source\portal.pathtoarabic.com\public\class\PTA\Validate.php(11): PTA\App::getLevels()
#2 D:\Mywork\ahmed\source\portal.pathtoarabic.com\public\class\PTA\User.php(458): PTA\Validate::level('2', 'PTA\User::calcu...')
#3 D:\Mywork\ahmed\source\portal.pathtoarabic.com\public\class\PTA\User.php(653): PTA\User->calculateProgress('2')
#4 D:\Mywork\ahmed\source\portal.pathtoarabic.com\public\lib\routes.inc.php(73): PTA\User->getProgress('2')
#5 [internal function]: {closure}()
#6 D:\Mywork\ahmed\source\portal.pathtoarabic.com\vendor\slim\slim\Slim\Router.php(172): call_user_func_array(Object(Closure), Array)
#7 D:\Mywork\ahmed\source\portal.pathtoarabic.com\vendor\slim\slim\Slim\Slim.php(1222): Slim\Router->dispatch(Object(Slim\Route))
#8 D:\Mywork\ahmed\source\portal.pathtoarabic.com\vendor\slim\slim\Slim\Middleware\Flash.php(86): Slim\Slim->call()
#9 D:\Mywork\ahmed\source\portal.pathtoarabic.com\vendor\slim\slim\Slim\Middleware\MethodOverride.php(94): Slim\Middleware\Flash->call()
#10 D:\Mywork\ahmed\source\portal.pathtoarabic.com\vendor\slim\slim\Slim\Middleware\PrettyExceptions.php(67): Slim\Middleware\MethodOverride->call()
#11 D:\Mywork\ahmed\source\portal.pathtoarabic.com\vendor\slim\slim\Slim\Slim.php(1174): Slim\Middleware\PrettyExceptions->call()
#12 D:\Mywork\ahmed\source\portal.pathtoarabic.com\public\index.php(106): Slim\Slim->run()
#13 {main}
ERROR - 2015-04-30T06:09:19+00:00 - exception 'ErrorException' with message 'file_get_contents(/var/cache/avatar/default.jpg): failed to open stream: No such file or directory' in D:\Mywork\ahmed\source\portal.pathtoarabic.com\public\lib\routes-api.inc.php:41
Stack trace:
#0 [internal function]: Slim\Slim::handleErrors(2, 'file_get_conten...', 'D:\Mywork\ahmed...', 41, Array)
#1 D:\Mywork\ahmed\source\portal.pathtoarabic.com\public\lib\routes-api.inc.php(41): file_get_contents('/var/cache/avat...')
#2 [internal function]: {closure}('442')
#3 D:\Mywork\ahmed\source\portal.pathtoarabic.com\vendor\slim\slim\Slim\Router.php(172): call_user_func_array(Object(Closure), Array)
#4 D:\Mywork\ahmed\source\portal.pathtoarabic.com\vendor\slim\slim\Slim\Slim.php(1222): Slim\Router->dispatch(Object(Slim\Route))
#5 D:\Mywork\ahmed\source\portal.pathtoarabic.com\vendor\slim\slim\Slim\Middleware\Flash.php(86): Slim\Slim->call()
#6 D:\Mywork\ahmed\source\portal.pathtoarabic.com\vendor\slim\slim\Slim\Middleware\MethodOverride.php(94): Slim\Middleware\Flash->call()
#7 D:\Mywork\ahmed\source\portal.pathtoarabic.com\vendor\slim\slim\Slim\Middleware\PrettyExceptions.php(67): Slim\Middleware\MethodOverride->call()
#8 D:\Mywork\ahmed\source\portal.pathtoarabic.com\vendor\slim\slim\Slim\Slim.php(1174): Slim\Middleware\PrettyExceptions->call()
#9 D:\Mywork\ahmed\source\portal.pathtoarabic.com\public\index.php(106): Slim\Slim->run()
#10 {main}
ERROR - 2015-04-30T06:09:19+00:00 - exception 'ErrorException' with message 'file_get_contents(/var/cache/avatar/default.jpg): failed to open stream: No such file or directory' in D:\Mywork\ahmed\source\portal.pathtoarabic.com\public\lib\routes-api.inc.php:41
Stack trace:
#0 [internal function]: Slim\Slim::handleErrors(2, 'file_get_conten...', 'D:\Mywork\ahmed...', 41, Array)
#1 D:\Mywork\ahmed\source\portal.pathtoarabic.com\public\lib\routes-api.inc.php(41): file_get_contents('/var/cache/avat...')
#2 [internal function]: {closure}('236')
#3 D:\Mywork\ahmed\source\portal.pathtoarabic.com\vendor\slim\slim\Slim\Router.php(172): call_user_func_array(Object(Closure), Array)
#4 D:\Mywork\ahmed\source\portal.pathtoarabic.com\vendor\slim\slim\Slim\Slim.php(1222): Slim\Router->dispatch(Object(Slim\Route))
#5 D:\Mywork\ahmed\source\portal.pathtoarabic.com\vendor\slim\slim\Slim\Middleware\Flash.php(86): Slim\Slim->call()
#6 D:\Mywork\ahmed\source\portal.pathtoarabic.com\vendor\slim\slim\Slim\Middleware\MethodOverride.php(94): Slim\Middleware\Flash->call()
#7 D:\Mywork\ahmed\source\portal.pathtoarabic.com\vendor\slim\slim\Slim\Middleware\PrettyExceptions.php(67): Slim\Middleware\MethodOverride->call()
#8 D:\Mywork\ahmed\source\portal.pathtoarabic.com\vendor\slim\slim\Slim\Slim.php(1174): Slim\Middleware\PrettyExceptions->call()
#9 D:\Mywork\ahmed\source\portal.pathtoarabic.com\public\index.php(106): Slim\Slim->run()
#10 {main}
ERROR - 2015-04-30T06:09:19+00:00 - exception 'ErrorException' with message 'file_get_contents(/var/cache/avatar/default.jpg): failed to open stream: No such file or directory' in D:\Mywork\ahmed\source\portal.pathtoarabic.com\public\lib\routes-api.inc.php:41
Stack trace:
#0 [internal function]: Slim\Slim::handleErrors(2, 'file_get_conten...', 'D:\Mywork\ahmed...', 41, Array)
#1 D:\Mywork\ahmed\source\portal.pathtoarabic.com\public\lib\routes-api.inc.php(41): file_get_contents('/var/cache/avat...')
#2 [internal function]: {closure}('540')
#3 D:\Mywork\ahmed\source\portal.pathtoarabic.com\vendor\slim\slim\Slim\Router.php(172): call_user_func_array(Object(Closure), Array)
#4 D:\Mywork\ahmed\source\portal.pathtoarabic.com\vendor\slim\slim\Slim\Slim.php(1222): Slim\Router->dispatch(Object(Slim\Route))
#5 D:\Mywork\ahmed\source\portal.pathtoarabic.com\vendor\slim\slim\Slim\Middleware\Flash.php(86): Slim\Slim->call()
#6 D:\Mywork\ahmed\source\portal.pathtoarabic.com\vendor\slim\slim\Slim\Middleware\MethodOverride.php(94): Slim\Middleware\Flash->call()
#7 D:\Mywork\ahmed\source\portal.pathtoarabic.com\vendor\slim\slim\Slim\Middleware\PrettyExceptions.php(67): Slim\Middleware\MethodOverride->call()
#8 D:\Mywork\ahmed\source\portal.pathtoarabic.com\vendor\slim\slim\Slim\Slim.php(1174): Slim\Middleware\PrettyExceptions->call()
#9 D:\Mywork\ahmed\source\portal.pathtoarabic.com\public\index.php(106): Slim\Slim->run()
#10 {main}
ERROR - 2015-04-30T06:09:25+00:00 - exception 'ErrorException' with message 'file_get_contents(/var/cache/avatar/default.jpg): failed to open stream: No such file or directory' in D:\Mywork\ahmed\source\portal.pathtoarabic.com\public\lib\routes-api.inc.php:41
Stack trace:
#0 [internal function]: Slim\Slim::handleErrors(2, 'file_get_conten...', 'D:\Mywork\ahmed...', 41, Array)
#1 D:\Mywork\ahmed\source\portal.pathtoarabic.com\public\lib\routes-api.inc.php(41): file_get_contents('/var/cache/avat...')
#2 [internal function]: {closure}('540')
#3 D:\Mywork\ahmed\source\portal.pathtoarabic.com\vendor\slim\slim\Slim\Router.php(172): call_user_func_array(Object(Closure), Array)
#4 D:\Mywork\ahmed\source\portal.pathtoarabic.com\vendor\slim\slim\Slim\Slim.php(1222): Slim\Router->dispatch(Object(Slim\Route))
#5 D:\Mywork\ahmed\source\portal.pathtoarabic.com\vendor\slim\slim\Slim\Middleware\Flash.php(86): Slim\Slim->call()
#6 D:\Mywork\ahmed\source\portal.pathtoarabic.com\vendor\slim\slim\Slim\Middleware\MethodOverride.php(94): Slim\Middleware\Flash->call()
#7 D:\Mywork\ahmed\source\portal.pathtoarabic.com\vendor\slim\slim\Slim\Middleware\PrettyExceptions.php(67): Slim\Middleware\MethodOverride->call()
#8 D:\Mywork\ahmed\source\portal.pathtoarabic.com\vendor\slim\slim\Slim\Slim.php(1174): Slim\Middleware\PrettyExceptions->call()
#9 D:\Mywork\ahmed\source\portal.pathtoarabic.com\public\index.php(106): Slim\Slim->run()
#10 {main}
ERROR - 2015-04-30T06:09:26+00:00 - exception 'ErrorException' with message 'file_get_contents(/var/cache/avatar/default.jpg): failed to open stream: No such file or directory' in D:\Mywork\ahmed\source\portal.pathtoarabic.com\public\lib\routes-api.inc.php:41
Stack trace:
#0 [internal function]: Slim\Slim::handleErrors(2, 'file_get_conten...', 'D:\Mywork\ahmed...', 41, Array)
#1 D:\Mywork\ahmed\source\portal.pathtoarabic.com\public\lib\routes-api.inc.php(41): file_get_contents('/var/cache/avat...')
#2 [internal function]: {closure}('471')
#3 D:\Mywork\ahmed\source\portal.pathtoarabic.com\vendor\slim\slim\Slim\Router.php(172): call_user_func_array(Object(Closure), Array)
#4 D:\Mywork\ahmed\source\portal.pathtoarabic.com\vendor\slim\slim\Slim\Slim.php(1222): Slim\Router->dispatch(Object(Slim\Route))
#5 D:\Mywork\ahmed\source\portal.pathtoarabic.com\vendor\slim\slim\Slim\Middleware\Flash.php(86): Slim\Slim->call()
#6 D:\Mywork\ahmed\source\portal.pathtoarabic.com\vendor\slim\slim\Slim\Middleware\MethodOverride.php(94): Slim\Middleware\Flash->call()
#7 D:\Mywork\ahmed\source\portal.pathtoarabic.com\vendor\slim\slim\Slim\Middleware\PrettyExceptions.php(67): Slim\Middleware\MethodOverride->call()
#8 D:\Mywork\ahmed\source\portal.pathtoarabic.com\vendor\slim\slim\Slim\Slim.php(1174): Slim\Middleware\PrettyExceptions->call()
#9 D:\Mywork\ahmed\source\portal.pathtoarabic.com\public\index.php(106): Slim\Slim->run()
#10 {main}
ERROR - 2015-04-30T06:09:26+00:00 - exception 'ErrorException' with message 'file_get_contents(/var/cache/avatar/default.jpg): failed to open stream: No such file or directory' in D:\Mywork\ahmed\source\portal.pathtoarabic.com\public\lib\routes-api.inc.php:41
Stack trace:
#0 [internal function]: Slim\Slim::handleErrors(2, 'file_get_conten...', 'D:\Mywork\ahmed...', 41, Array)
#1 D:\Mywork\ahmed\source\portal.pathtoarabic.com\public\lib\routes-api.inc.php(41): file_get_contents('/var/cache/avat...')
#2 [internal function]: {closure}('236')
#3 D:\Mywork\ahmed\source\portal.pathtoarabic.com\vendor\slim\slim\Slim\Router.php(172): call_user_func_array(Object(Closure), Array)
#4 D:\Mywork\ahmed\source\portal.pathtoarabic.com\vendor\slim\slim\Slim\Slim.php(1222): Slim\Router->dispatch(Object(Slim\Route))
#5 D:\Mywork\ahmed\source\portal.pathtoarabic.com\vendor\slim\slim\Slim\Middleware\Flash.php(86): Slim\Slim->call()
#6 D:\Mywork\ahmed\source\portal.pathtoarabic.com\vendor\slim\slim\Slim\Middleware\MethodOverride.php(94): Slim\Middleware\Flash->call()
#7 D:\Mywork\ahmed\source\portal.pathtoarabic.com\vendor\slim\slim\Slim\Middleware\PrettyExceptions.php(67): Slim\Middleware\MethodOverride->call()
#8 D:\Mywork\ahmed\source\portal.pathtoarabic.com\vendor\slim\slim\Slim\Slim.php(1174): Slim\Middleware\PrettyExceptions->call()
#9 D:\Mywork\ahmed\source\portal.pathtoarabic.com\public\index.php(106): Slim\Slim->run()
#10 {main}
ERROR - 2015-04-30T06:09:26+00:00 - exception 'ErrorException' with message 'file_get_contents(/var/cache/avatar/default.jpg): failed to open stream: No such file or directory' in D:\Mywork\ahmed\source\portal.pathtoarabic.com\public\lib\routes-api.inc.php:41
Stack trace:
#0 [internal function]: Slim\Slim::handleErrors(2, 'file_get_conten...', 'D:\Mywork\ahmed...', 41, Array)
#1 D:\Mywork\ahmed\source\portal.pathtoarabic.com\public\lib\routes-api.inc.php(41): file_get_contents('/var/cache/avat...')
#2 [internal function]: {closure}('442')
#3 D:\Mywork\ahmed\source\portal.pathtoarabic.com\vendor\slim\slim\Slim\Router.php(172): call_user_func_array(Object(Closure), Array)
#4 D:\Mywork\ahmed\source\portal.pathtoarabic.com\vendor\slim\slim\Slim\Slim.php(1222): Slim\Router->dispatch(Object(Slim\Route))
#5 D:\Mywork\ahmed\source\portal.pathtoarabic.com\vendor\slim\slim\Slim\Middleware\Flash.php(86): Slim\Slim->call()
#6 D:\Mywork\ahmed\source\portal.pathtoarabic.com\vendor\slim\slim\Slim\Middleware\MethodOverride.php(94): Slim\Middleware\Flash->call()
#7 D:\Mywork\ahmed\source\portal.pathtoarabic.com\vendor\slim\slim\Slim\Middleware\PrettyExceptions.php(67): Slim\Middleware\MethodOverride->call()
#8 D:\Mywork\ahmed\source\portal.pathtoarabic.com\vendor\slim\slim\Slim\Slim.php(1174): Slim\Middleware\PrettyExceptions->call()
#9 D:\Mywork\ahmed\source\portal.pathtoarabic.com\public\index.php(106): Slim\Slim->run()
#10 {main}
ERROR - 2015-04-30T07:27:00+00:00 - exception 'ErrorException' with message 'file_get_contents(/var/cache/avatar/default.jpg): failed to open stream: No such file or directory' in D:\Mywork\ahmed\source\portal.pathtoarabic.com\public\lib\routes-api.inc.php:41
Stack trace:
#0 [internal function]: Slim\Slim::handleErrors(2, 'file_get_conten...', 'D:\Mywork\ahmed...', 41, Array)
#1 D:\Mywork\ahmed\source\portal.pathtoarabic.com\public\lib\routes-api.inc.php(41): file_get_contents('/var/cache/avat...')
#2 [internal function]: {closure}('442')
#3 D:\Mywork\ahmed\source\portal.pathtoarabic.com\vendor\slim\slim\Slim\Router.php(172): call_user_func_array(Object(Closure), Array)
#4 D:\Mywork\ahmed\source\portal.pathtoarabic.com\vendor\slim\slim\Slim\Slim.php(1222): Slim\Router->dispatch(Object(Slim\Route))
#5 D:\Mywork\ahmed\source\portal.pathtoarabic.com\vendor\slim\slim\Slim\Middleware\Flash.php(86): Slim\Slim->call()
#6 D:\Mywork\ahmed\source\portal.pathtoarabic.com\vendor\slim\slim\Slim\Middleware\MethodOverride.php(94): Slim\Middleware\Flash->call()
#7 D:\Mywork\ahmed\source\portal.pathtoarabic.com\vendor\slim\slim\Slim\Middleware\PrettyExceptions.php(67): Slim\Middleware\MethodOverride->call()
#8 D:\Mywork\ahmed\source\portal.pathtoarabic.com\vendor\slim\slim\Slim\Slim.php(1174): Slim\Middleware\PrettyExceptions->call()
#9 D:\Mywork\ahmed\source\portal.pathtoarabic.com\public\index.php(106): Slim\Slim->run()
#10 {main}
ERROR - 2015-04-30T07:27:00+00:00 - exception 'ErrorException' with message 'file_get_contents(/var/cache/avatar/default.jpg): failed to open stream: No such file or directory' in D:\Mywork\ahmed\source\portal.pathtoarabic.com\public\lib\routes-api.inc.php:41
Stack trace:
#0 [internal function]: Slim\Slim::handleErrors(2, 'file_get_conten...', 'D:\Mywork\ahmed...', 41, Array)
#1 D:\Mywork\ahmed\source\portal.pathtoarabic.com\public\lib\routes-api.inc.php(41): file_get_contents('/var/cache/avat...')
#2 [internal function]: {closure}('471')
#3 D:\Mywork\ahmed\source\portal.pathtoarabic.com\vendor\slim\slim\Slim\Router.php(172): call_user_func_array(Object(Closure), Array)
#4 D:\Mywork\ahmed\source\portal.pathtoarabic.com\vendor\slim\slim\Slim\Slim.php(1222): Slim\Router->dispatch(Object(Slim\Route))
#5 D:\Mywork\ahmed\source\portal.pathtoarabic.com\vendor\slim\slim\Slim\Middleware\Flash.php(86): Slim\Slim->call()
#6 D:\Mywork\ahmed\source\portal.pathtoarabic.com\vendor\slim\slim\Slim\Middleware\MethodOverride.php(94): Slim\Middleware\Flash->call()
#7 D:\Mywork\ahmed\source\portal.pathtoarabic.com\vendor\slim\slim\Slim\Middleware\PrettyExceptions.php(67): Slim\Middleware\MethodOverride->call()
#8 D:\Mywork\ahmed\source\portal.pathtoarabic.com\vendor\slim\slim\Slim\Slim.php(1174): Slim\Middleware\PrettyExceptions->call()
#9 D:\Mywork\ahmed\source\portal.pathtoarabic.com\public\index.php(106): Slim\Slim->run()
#10 {main}
ERROR - 2015-04-30T07:27:00+00:00 - exception 'ErrorException' with message 'file_get_contents(/var/cache/avatar/default.jpg): failed to open stream: No such file or directory' in D:\Mywork\ahmed\source\portal.pathtoarabic.com\public\lib\routes-api.inc.php:41
Stack trace:
#0 [internal function]: Slim\Slim::handleErrors(2, 'file_get_conten...', 'D:\Mywork\ahmed...', 41, Array)
#1 D:\Mywork\ahmed\source\portal.pathtoarabic.com\public\lib\routes-api.inc.php(41): file_get_contents('/var/cache/avat...')
#2 [internal function]: {closure}('540')
#3 D:\Mywork\ahmed\source\portal.pathtoarabic.com\vendor\slim\slim\Slim\Router.php(172): call_user_func_array(Object(Closure), Array)
#4 D:\Mywork\ahmed\source\portal.pathtoarabic.com\vendor\slim\slim\Slim\Slim.php(1222): Slim\Router->dispatch(Object(Slim\Route))
#5 D:\Mywork\ahmed\source\portal.pathtoarabic.com\vendor\slim\slim\Slim\Middleware\Flash.php(86): Slim\Slim->call()
#6 D:\Mywork\ahmed\source\portal.pathtoarabic.com\vendor\slim\slim\Slim\Middleware\MethodOverride.php(94): Slim\Middleware\Flash->call()
#7 D:\Mywork\ahmed\source\portal.pathtoarabic.com\vendor\slim\slim\Slim\Middleware\PrettyExceptions.php(67): Slim\Middleware\MethodOverride->call()
#8 D:\Mywork\ahmed\source\portal.pathtoarabic.com\vendor\slim\slim\Slim\Slim.php(1174): Slim\Middleware\PrettyExceptions->call()
#9 D:\Mywork\ahmed\source\portal.pathtoarabic.com\public\index.php(106): Slim\Slim->run()
#10 {main}
ERROR - 2015-04-30T07:27:00+00:00 - exception 'ErrorException' with message 'file_get_contents(/var/cache/avatar/default.jpg): failed to open stream: No such file or directory' in D:\Mywork\ahmed\source\portal.pathtoarabic.com\public\lib\routes-api.inc.php:41
Stack trace:
#0 [internal function]: Slim\Slim::handleErrors(2, 'file_get_conten...', 'D:\Mywork\ahmed...', 41, Array)
#1 D:\Mywork\ahmed\source\portal.pathtoarabic.com\public\lib\routes-api.inc.php(41): file_get_contents('/var/cache/avat...')
#2 [internal function]: {closure}('236')
#3 D:\Mywork\ahmed\source\portal.pathtoarabic.com\vendor\slim\slim\Slim\Router.php(172): call_user_func_array(Object(Closure), Array)
#4 D:\Mywork\ahmed\source\portal.pathtoarabic.com\vendor\slim\slim\Slim\Slim.php(1222): Slim\Router->dispatch(Object(Slim\Route))
#5 D:\Mywork\ahmed\source\portal.pathtoarabic.com\vendor\slim\slim\Slim\Middleware\Flash.php(86): Slim\Slim->call()
#6 D:\Mywork\ahmed\source\portal.pathtoarabic.com\vendor\slim\slim\Slim\Middleware\MethodOverride.php(94): Slim\Middleware\Flash->call()
#7 D:\Mywork\ahmed\source\portal.pathtoarabic.com\vendor\slim\slim\Slim\Middleware\PrettyExceptions.php(67): Slim\Middleware\MethodOverride->call()
#8 D:\Mywork\ahmed\source\portal.pathtoarabic.com\vendor\slim\slim\Slim\Slim.php(1174): Slim\Middleware\PrettyExceptions->call()
#9 D:\Mywork\ahmed\source\portal.pathtoarabic.com\public\index.php(106): Slim\Slim->run()
#10 {main}
ERROR - 2015-04-30T07:27:06+00:00 - exception 'ErrorException' with message 'file_get_contents(/var/cache/avatar/default.jpg): failed to open stream: No such file or directory' in D:\Mywork\ahmed\source\portal.pathtoarabic.com\public\lib\routes-api.inc.php:41
Stack trace:
#0 [internal function]: Slim\Slim::handleErrors(2, 'file_get_conten...', 'D:\Mywork\ahmed...', 41, Array)
#1 D:\Mywork\ahmed\source\portal.pathtoarabic.com\public\lib\routes-api.inc.php(41): file_get_contents('/var/cache/avat...')
#2 [internal function]: {closure}('540')
#3 D:\Mywork\ahmed\source\portal.pathtoarabic.com\vendor\slim\slim\Slim\Router.php(172): call_user_func_array(Object(Closure), Array)
#4 D:\Mywork\ahmed\source\portal.pathtoarabic.com\vendor\slim\slim\Slim\Slim.php(1222): Slim\Router->dispatch(Object(Slim\Route))
#5 D:\Mywork\ahmed\source\portal.pathtoarabic.com\vendor\slim\slim\Slim\Middleware\Flash.php(86): Slim\Slim->call()
#6 D:\Mywork\ahmed\source\portal.pathtoarabic.com\vendor\slim\slim\Slim\Middleware\MethodOverride.php(94): Slim\Middleware\Flash->call()
#7 D:\Mywork\ahmed\source\portal.pathtoarabic.com\vendor\slim\slim\Slim\Middleware\PrettyExceptions.php(67): Slim\Middleware\MethodOverride->call()
#8 D:\Mywork\ahmed\source\portal.pathtoarabic.com\vendor\slim\slim\Slim\Slim.php(1174): Slim\Middleware\PrettyExceptions->call()
#9 D:\Mywork\ahmed\source\portal.pathtoarabic.com\public\index.php(106): Slim\Slim->run()
#10 {main}
ERROR - 2015-04-30T07:27:07+00:00 - exception 'ErrorException' with message 'file_get_contents(/var/cache/avatar/default.jpg): failed to open stream: No such file or directory' in D:\Mywork\ahmed\source\portal.pathtoarabic.com\public\lib\routes-api.inc.php:41
Stack trace:
#0 [internal function]: Slim\Slim::handleErrors(2, 'file_get_conten...', 'D:\Mywork\ahmed...', 41, Array)
#1 D:\Mywork\ahmed\source\portal.pathtoarabic.com\public\lib\routes-api.inc.php(41): file_get_contents('/var/cache/avat...')
#2 [internal function]: {closure}('442')
#3 D:\Mywork\ahmed\source\portal.pathtoarabic.com\vendor\slim\slim\Slim\Router.php(172): call_user_func_array(Object(Closure), Array)
#4 D:\Mywork\ahmed\source\portal.pathtoarabic.com\vendor\slim\slim\Slim\Slim.php(1222): Slim\Router->dispatch(Object(Slim\Route))
#5 D:\Mywork\ahmed\source\portal.pathtoarabic.com\vendor\slim\slim\Slim\Middleware\Flash.php(86): Slim\Slim->call()
#6 D:\Mywork\ahmed\source\portal.pathtoarabic.com\vendor\slim\slim\Slim\Middleware\MethodOverride.php(94): Slim\Middleware\Flash->call()
#7 D:\Mywork\ahmed\source\portal.pathtoarabic.com\vendor\slim\slim\Slim\Middleware\PrettyExceptions.php(67): Slim\Middleware\MethodOverride->call()
#8 D:\Mywork\ahmed\source\portal.pathtoarabic.com\vendor\slim\slim\Slim\Slim.php(1174): Slim\Middleware\PrettyExceptions->call()
#9 D:\Mywork\ahmed\source\portal.pathtoarabic.com\public\index.php(106): Slim\Slim->run()
#10 {main}
ERROR - 2015-04-30T07:27:07+00:00 - exception 'ErrorException' with message 'file_get_contents(/var/cache/avatar/default.jpg): failed to open stream: No such file or directory' in D:\Mywork\ahmed\source\portal.pathtoarabic.com\public\lib\routes-api.inc.php:41
Stack trace:
#0 [internal function]: Slim\Slim::handleErrors(2, 'file_get_conten...', 'D:\Mywork\ahmed...', 41, Array)
#1 D:\Mywork\ahmed\source\portal.pathtoarabic.com\public\lib\routes-api.inc.php(41): file_get_contents('/var/cache/avat...')
#2 [internal function]: {closure}('471')
#3 D:\Mywork\ahmed\source\portal.pathtoarabic.com\vendor\slim\slim\Slim\Router.php(172): call_user_func_array(Object(Closure), Array)
#4 D:\Mywork\ahmed\source\portal.pathtoarabic.com\vendor\slim\slim\Slim\Slim.php(1222): Slim\Router->dispatch(Object(Slim\Route))
#5 D:\Mywork\ahmed\source\portal.pathtoarabic.com\vendor\slim\slim\Slim\Middleware\Flash.php(86): Slim\Slim->call()
#6 D:\Mywork\ahmed\source\portal.pathtoarabic.com\vendor\slim\slim\Slim\Middleware\MethodOverride.php(94): Slim\Middleware\Flash->call()
#7 D:\Mywork\ahmed\source\portal.pathtoarabic.com\vendor\slim\slim\Slim\Middleware\PrettyExceptions.php(67): Slim\Middleware\MethodOverride->call()
#8 D:\Mywork\ahmed\source\portal.pathtoarabic.com\vendor\slim\slim\Slim\Slim.php(1174): Slim\Middleware\PrettyExceptions->call()
#9 D:\Mywork\ahmed\source\portal.pathtoarabic.com\public\index.php(106): Slim\Slim->run()
#10 {main}
ERROR - 2015-04-30T07:27:07+00:00 - exception 'ErrorException' with message 'file_get_contents(/var/cache/avatar/default.jpg): failed to open stream: No such file or directory' in D:\Mywork\ahmed\source\portal.pathtoarabic.com\public\lib\routes-api.inc.php:41
Stack trace:
#0 [internal function]: Slim\Slim::handleErrors(2, 'file_get_conten...', 'D:\Mywork\ahmed...', 41, Array)
#1 D:\Mywork\ahmed\source\portal.pathtoarabic.com\public\lib\routes-api.inc.php(41): file_get_contents('/var/cache/avat...')
#2 [internal function]: {closure}('236')
#3 D:\Mywork\ahmed\source\portal.pathtoarabic.com\vendor\slim\slim\Slim\Router.php(172): call_user_func_array(Object(Closure), Array)
#4 D:\Mywork\ahmed\source\portal.pathtoarabic.com\vendor\slim\slim\Slim\Slim.php(1222): Slim\Router->dispatch(Object(Slim\Route))
#5 D:\Mywork\ahmed\source\portal.pathtoarabic.com\vendor\slim\slim\Slim\Middleware\Flash.php(86): Slim\Slim->call()
#6 D:\Mywork\ahmed\source\portal.pathtoarabic.com\vendor\slim\slim\Slim\Middleware\MethodOverride.php(94): Slim\Middleware\Flash->call()
#7 D:\Mywork\ahmed\source\portal.pathtoarabic.com\vendor\slim\slim\Slim\Middleware\PrettyExceptions.php(67): Slim\Middleware\MethodOverride->call()
#8 D:\Mywork\ahmed\source\portal.pathtoarabic.com\vendor\slim\slim\Slim\Slim.php(1174): Slim\Middleware\PrettyExceptions->call()
#9 D:\Mywork\ahmed\source\portal.pathtoarabic.com\public\index.php(106): Slim\Slim->run()
#10 {main}
ERROR - 2015-04-30T07:31:09+00:00 - exception 'ErrorException' with message 'Undefined index: user' in D:\Mywork\ahmed\source\portal.pathtoarabic.com\public\lib\routes-api.inc.php:110
Stack trace:
#0 D:\Mywork\ahmed\source\portal.pathtoarabic.com\public\lib\routes-api.inc.php(110): Slim\Slim::handleErrors(8, 'Undefined index...', 'D:\Mywork\ahmed...', 110, Array)
#1 [internal function]: {closure}('1', '6')
#2 D:\Mywork\ahmed\source\portal.pathtoarabic.com\vendor\slim\slim\Slim\Router.php(172): call_user_func_array(Object(Closure), Array)
#3 D:\Mywork\ahmed\source\portal.pathtoarabic.com\vendor\slim\slim\Slim\Slim.php(1222): Slim\Router->dispatch(Object(Slim\Route))
#4 D:\Mywork\ahmed\source\portal.pathtoarabic.com\vendor\slim\slim\Slim\Middleware\Flash.php(86): Slim\Slim->call()
#5 D:\Mywork\ahmed\source\portal.pathtoarabic.com\vendor\slim\slim\Slim\Middleware\MethodOverride.php(94): Slim\Middleware\Flash->call()
#6 D:\Mywork\ahmed\source\portal.pathtoarabic.com\vendor\slim\slim\Slim\Middleware\PrettyExceptions.php(67): Slim\Middleware\MethodOverride->call()
#7 D:\Mywork\ahmed\source\portal.pathtoarabic.com\vendor\slim\slim\Slim\Slim.php(1174): Slim\Middleware\PrettyExceptions->call()
#8 D:\Mywork\ahmed\source\portal.pathtoarabic.com\public\index.php(106): Slim\Slim->run()
#9 {main}
ERROR - 2015-04-30T07:31:14+00:00 - exception 'ErrorException' with message 'Undefined index: user' in D:\Mywork\ahmed\source\portal.pathtoarabic.com\public\lib\routes-api.inc.php:110
Stack trace:
#0 D:\Mywork\ahmed\source\portal.pathtoarabic.com\public\lib\routes-api.inc.php(110): Slim\Slim::handleErrors(8, 'Undefined index...', 'D:\Mywork\ahmed...', 110, Array)
#1 [internal function]: {closure}('1', '6')
#2 D:\Mywork\ahmed\source\portal.pathtoarabic.com\vendor\slim\slim\Slim\Router.php(172): call_user_func_array(Object(Closure), Array)
#3 D:\Mywork\ahmed\source\portal.pathtoarabic.com\vendor\slim\slim\Slim\Slim.php(1222): Slim\Router->dispatch(Object(Slim\Route))
#4 D:\Mywork\ahmed\source\portal.pathtoarabic.com\vendor\slim\slim\Slim\Middleware\Flash.php(86): Slim\Slim->call()
#5 D:\Mywork\ahmed\source\portal.pathtoarabic.com\vendor\slim\slim\Slim\Middleware\MethodOverride.php(94): Slim\Middleware\Flash->call()
#6 D:\Mywork\ahmed\source\portal.pathtoarabic.com\vendor\slim\slim\Slim\Middleware\PrettyExceptions.php(67): Slim\Middleware\MethodOverride->call()
#7 D:\Mywork\ahmed\source\portal.pathtoarabic.com\vendor\slim\slim\Slim\Slim.php(1174): Slim\Middleware\PrettyExceptions->call()
#8 D:\Mywork\ahmed\source\portal.pathtoarabic.com\public\index.php(106): Slim\Slim->run()
#9 {main}
ERROR - 2015-04-30T07:31:42+00:00 - exception 'ErrorException' with message 'Undefined index: user' in D:\Mywork\ahmed\source\portal.pathtoarabic.com\public\lib\routes-api.inc.php:110
Stack trace:
#0 D:\Mywork\ahmed\source\portal.pathtoarabic.com\public\lib\routes-api.inc.php(110): Slim\Slim::handleErrors(8, 'Undefined index...', 'D:\Mywork\ahmed...', 110, Array)
#1 [internal function]: {closure}('1', '6')
#2 D:\Mywork\ahmed\source\portal.pathtoarabic.com\vendor\slim\slim\Slim\Router.php(172): call_user_func_array(Object(Closure), Array)
#3 D:\Mywork\ahmed\source\portal.pathtoarabic.com\vendor\slim\slim\Slim\Slim.php(1222): Slim\Router->dispatch(Object(Slim\Route))
#4 D:\Mywork\ahmed\source\portal.pathtoarabic.com\vendor\slim\slim\Slim\Middleware\Flash.php(86): Slim\Slim->call()
#5 D:\Mywork\ahmed\source\portal.pathtoarabic.com\vendor\slim\slim\Slim\Middleware\MethodOverride.php(94): Slim\Middleware\Flash->call()
#6 D:\Mywork\ahmed\source\portal.pathtoarabic.com\vendor\slim\slim\Slim\Middleware\PrettyExceptions.php(67): Slim\Middleware\MethodOverride->call()
#7 D:\Mywork\ahmed\source\portal.pathtoarabic.com\vendor\slim\slim\Slim\Slim.php(1174): Slim\Middleware\PrettyExceptions->call()
#8 D:\Mywork\ahmed\source\portal.pathtoarabic.com\public\index.php(106): Slim\Slim->run()
#9 {main}
ERROR - 2015-04-30T07:31:52+00:00 - exception 'ErrorException' with message 'Undefined index: user' in D:\Mywork\ahmed\source\portal.pathtoarabic.com\public\lib\routes-api.inc.php:110
Stack trace:
#0 D:\Mywork\ahmed\source\portal.pathtoarabic.com\public\lib\routes-api.inc.php(110): Slim\Slim::handleErrors(8, 'Undefined index...', 'D:\Mywork\ahmed...', 110, Array)
#1 [internal function]: {closure}('1', '6')
#2 D:\Mywork\ahmed\source\portal.pathtoarabic.com\vendor\slim\slim\Slim\Router.php(172): call_user_func_array(Object(Closure), Array)
#3 D:\Mywork\ahmed\source\portal.pathtoarabic.com\vendor\slim\slim\Slim\Slim.php(1222): Slim\Router->dispatch(Object(Slim\Route))
#4 D:\Mywork\ahmed\source\portal.pathtoarabic.com\vendor\slim\slim\Slim\Middleware\Flash.php(86): Slim\Slim->call()
#5 D:\Mywork\ahmed\source\portal.pathtoarabic.com\vendor\slim\slim\Slim\Middleware\MethodOverride.php(94): Slim\Middleware\Flash->call()
#6 D:\Mywork\ahmed\source\portal.pathtoarabic.com\vendor\slim\slim\Slim\Middleware\PrettyExceptions.php(67): Slim\Middleware\MethodOverride->call()
#7 D:\Mywork\ahmed\source\portal.pathtoarabic.com\vendor\slim\slim\Slim\Slim.php(1174): Slim\Middleware\PrettyExceptions->call()
#8 D:\Mywork\ahmed\source\portal.pathtoarabic.com\public\index.php(106): Slim\Slim->run()
#9 {main}
ERROR - 2015-04-30T07:32:09+00:00 - exception 'ErrorException' with message 'Undefined index: user' in D:\Mywork\ahmed\source\portal.pathtoarabic.com\public\lib\routes-api.inc.php:110
Stack trace:
#0 D:\Mywork\ahmed\source\portal.pathtoarabic.com\public\lib\routes-api.inc.php(110): Slim\Slim::handleErrors(8, 'Undefined index...', 'D:\Mywork\ahmed...', 110, Array)
#1 [internal function]: {closure}('1', '6')
#2 D:\Mywork\ahmed\source\portal.pathtoarabic.com\vendor\slim\slim\Slim\Router.php(172): call_user_func_array(Object(Closure), Array)
#3 D:\Mywork\ahmed\source\portal.pathtoarabic.com\vendor\slim\slim\Slim\Slim.php(1222): Slim\Router->dispatch(Object(Slim\Route))
#4 D:\Mywork\ahmed\source\portal.pathtoarabic.com\vendor\slim\slim\Slim\Middleware\Flash.php(86): Slim\Slim->call()
#5 D:\Mywork\ahmed\source\portal.pathtoarabic.com\vendor\slim\slim\Slim\Middleware\MethodOverride.php(94): Slim\Middleware\Flash->call()
#6 D:\Mywork\ahmed\source\portal.pathtoarabic.com\vendor\slim\slim\Slim\Middleware\PrettyExceptions.php(67): Slim\Middleware\MethodOverride->call()
#7 D:\Mywork\ahmed\source\portal.pathtoarabic.com\vendor\slim\slim\Slim\Slim.php(1174): Slim\Middleware\PrettyExceptions->call()
#8 D:\Mywork\ahmed\source\portal.pathtoarabic.com\public\index.php(106): Slim\Slim->run()
#9 {main}
ERROR - 2015-04-30T07:38:00+00:00 - exception 'ErrorException' with message 'Undefined index: user' in D:\Mywork\ahmed\source\portal.pathtoarabic.com\public\lib\routes-api.inc.php:110
Stack trace:
#0 D:\Mywork\ahmed\source\portal.pathtoarabic.com\public\lib\routes-api.inc.php(110): Slim\Slim::handleErrors(8, 'Undefined index...', 'D:\Mywork\ahmed...', 110, Array)
#1 [internal function]: {closure}('1', '6')
#2 D:\Mywork\ahmed\source\portal.pathtoarabic.com\vendor\slim\slim\Slim\Router.php(172): call_user_func_array(Object(Closure), Array)
#3 D:\Mywork\ahmed\source\portal.pathtoarabic.com\vendor\slim\slim\Slim\Slim.php(1222): Slim\Router->dispatch(Object(Slim\Route))
#4 D:\Mywork\ahmed\source\portal.pathtoarabic.com\vendor\slim\slim\Slim\Middleware\Flash.php(86): Slim\Slim->call()
#5 D:\Mywork\ahmed\source\portal.pathtoarabic.com\vendor\slim\slim\Slim\Middleware\MethodOverride.php(94): Slim\Middleware\Flash->call()
#6 D:\Mywork\ahmed\source\portal.pathtoarabic.com\vendor\slim\slim\Slim\Middleware\PrettyExceptions.php(67): Slim\Middleware\MethodOverride->call()
#7 D:\Mywork\ahmed\source\portal.pathtoarabic.com\vendor\slim\slim\Slim\Slim.php(1174): Slim\Middleware\PrettyExceptions->call()
#8 D:\Mywork\ahmed\source\portal.pathtoarabic.com\public\index.php(106): Slim\Slim->run()
#9 {main}
ERROR - 2015-04-30T07:38:05+00:00 - exception 'ErrorException' with message 'Undefined index: user' in D:\Mywork\ahmed\source\portal.pathtoarabic.com\public\lib\routes-api.inc.php:110
Stack trace:
#0 D:\Mywork\ahmed\source\portal.pathtoarabic.com\public\lib\routes-api.inc.php(110): Slim\Slim::handleErrors(8, 'Undefined index...', 'D:\Mywork\ahmed...', 110, Array)
#1 [internal function]: {closure}('1', '6')
#2 D:\Mywork\ahmed\source\portal.pathtoarabic.com\vendor\slim\slim\Slim\Router.php(172): call_user_func_array(Object(Closure), Array)
#3 D:\Mywork\ahmed\source\portal.pathtoarabic.com\vendor\slim\slim\Slim\Slim.php(1222): Slim\Router->dispatch(Object(Slim\Route))
#4 D:\Mywork\ahmed\source\portal.pathtoarabic.com\vendor\slim\slim\Slim\Middleware\Flash.php(86): Slim\Slim->call()
#5 D:\Mywork\ahmed\source\portal.pathtoarabic.com\vendor\slim\slim\Slim\Middleware\MethodOverride.php(94): Slim\Middleware\Flash->call()
#6 D:\Mywork\ahmed\source\portal.pathtoarabic.com\vendor\slim\slim\Slim\Middleware\PrettyExceptions.php(67): Slim\Middleware\MethodOverride->call()
#7 D:\Mywork\ahmed\source\portal.pathtoarabic.com\vendor\slim\slim\Slim\Slim.php(1174): Slim\Middleware\PrettyExceptions->call()
#8 D:\Mywork\ahmed\source\portal.pathtoarabic.com\public\index.php(106): Slim\Slim->run()
#9 {main}
ERROR - 2015-04-30T07:38:07+00:00 - exception 'ErrorException' with message 'Undefined index: user' in D:\Mywork\ahmed\source\portal.pathtoarabic.com\public\lib\routes-api.inc.php:110
Stack trace:
#0 D:\Mywork\ahmed\source\portal.pathtoarabic.com\public\lib\routes-api.inc.php(110): Slim\Slim::handleErrors(8, 'Undefined index...', 'D:\Mywork\ahmed...', 110, Array)
#1 [internal function]: {closure}('1', '6')
#2 D:\Mywork\ahmed\source\portal.pathtoarabic.com\vendor\slim\slim\Slim\Router.php(172): call_user_func_array(Object(Closure), Array)
#3 D:\Mywork\ahmed\source\portal.pathtoarabic.com\vendor\slim\slim\Slim\Slim.php(1222): Slim\Router->dispatch(Object(Slim\Route))
#4 D:\Mywork\ahmed\source\portal.pathtoarabic.com\vendor\slim\slim\Slim\Middleware\Flash.php(86): Slim\Slim->call()
#5 D:\Mywork\ahmed\source\portal.pathtoarabic.com\vendor\slim\slim\Slim\Middleware\MethodOverride.php(94): Slim\Middleware\Flash->call()
#6 D:\Mywork\ahmed\source\portal.pathtoarabic.com\vendor\slim\slim\Slim\Middleware\PrettyExceptions.php(67): Slim\Middleware\MethodOverride->call()
#7 D:\Mywork\ahmed\source\portal.pathtoarabic.com\vendor\slim\slim\Slim\Slim.php(1174): Slim\Middleware\PrettyExceptions->call()
#8 D:\Mywork\ahmed\source\portal.pathtoarabic.com\public\index.php(106): Slim\Slim->run()
#9 {main}
ERROR - 2015-04-30T07:38:08+00:00 - exception 'ErrorException' with message 'Undefined index: user' in D:\Mywork\ahmed\source\portal.pathtoarabic.com\public\lib\routes-api.inc.php:110
Stack trace:
#0 D:\Mywork\ahmed\source\portal.pathtoarabic.com\public\lib\routes-api.inc.php(110): Slim\Slim::handleErrors(8, 'Undefined index...', 'D:\Mywork\ahmed...', 110, Array)
#1 [internal function]: {closure}('1', '6')
#2 D:\Mywork\ahmed\source\portal.pathtoarabic.com\vendor\slim\slim\Slim\Router.php(172): call_user_func_array(Object(Closure), Array)
#3 D:\Mywork\ahmed\source\portal.pathtoarabic.com\vendor\slim\slim\Slim\Slim.php(1222): Slim\Router->dispatch(Object(Slim\Route))
#4 D:\Mywork\ahmed\source\portal.pathtoarabic.com\vendor\slim\slim\Slim\Middleware\Flash.php(86): Slim\Slim->call()
#5 D:\Mywork\ahmed\source\portal.pathtoarabic.com\vendor\slim\slim\Slim\Middleware\MethodOverride.php(94): Slim\Middleware\Flash->call()
#6 D:\Mywork\ahmed\source\portal.pathtoarabic.com\vendor\slim\slim\Slim\Middleware\PrettyExceptions.php(67): Slim\Middleware\MethodOverride->call()
#7 D:\Mywork\ahmed\source\portal.pathtoarabic.com\vendor\slim\slim\Slim\Slim.php(1174): Slim\Middleware\PrettyExceptions->call()
#8 D:\Mywork\ahmed\source\portal.pathtoarabic.com\public\index.php(106): Slim\Slim->run()
#9 {main}
ERROR - 2015-04-30T07:38:10+00:00 - exception 'ErrorException' with message 'Undefined index: user' in D:\Mywork\ahmed\source\portal.pathtoarabic.com\public\lib\routes-api.inc.php:110
Stack trace:
#0 D:\Mywork\ahmed\source\portal.pathtoarabic.com\public\lib\routes-api.inc.php(110): Slim\Slim::handleErrors(8, 'Undefined index...', 'D:\Mywork\ahmed...', 110, Array)
#1 [internal function]: {closure}('1', '6')
#2 D:\Mywork\ahmed\source\portal.pathtoarabic.com\vendor\slim\slim\Slim\Router.php(172): call_user_func_array(Object(Closure), Array)
#3 D:\Mywork\ahmed\source\portal.pathtoarabic.com\vendor\slim\slim\Slim\Slim.php(1222): Slim\Router->dispatch(Object(Slim\Route))
#4 D:\Mywork\ahmed\source\portal.pathtoarabic.com\vendor\slim\slim\Slim\Middleware\Flash.php(86): Slim\Slim->call()
#5 D:\Mywork\ahmed\source\portal.pathtoarabic.com\vendor\slim\slim\Slim\Middleware\MethodOverride.php(94): Slim\Middleware\Flash->call()
#6 D:\Mywork\ahmed\source\portal.pathtoarabic.com\vendor\slim\slim\Slim\Middleware\PrettyExceptions.php(67): Slim\Middleware\MethodOverride->call()
#7 D:\Mywork\ahmed\source\portal.pathtoarabic.com\vendor\slim\slim\Slim\Slim.php(1174): Slim\Middleware\PrettyExceptions->call()
#8 D:\Mywork\ahmed\source\portal.pathtoarabic.com\public\index.php(106): Slim\Slim->run()
#9 {main}
ERROR - 2015-04-30T07:38:12+00:00 - exception 'ErrorException' with message 'Undefined index: user' in D:\Mywork\ahmed\source\portal.pathtoarabic.com\public\lib\routes-api.inc.php:110
Stack trace:
#0 D:\Mywork\ahmed\source\portal.pathtoarabic.com\public\lib\routes-api.inc.php(110): Slim\Slim::handleErrors(8, 'Undefined index...', 'D:\Mywork\ahmed...', 110, Array)
#1 [internal function]: {closure}('1', '6')
#2 D:\Mywork\ahmed\source\portal.pathtoarabic.com\vendor\slim\slim\Slim\Router.php(172): call_user_func_array(Object(Closure), Array)
#3 D:\Mywork\ahmed\source\portal.pathtoarabic.com\vendor\slim\slim\Slim\Slim.php(1222): Slim\Router->dispatch(Object(Slim\Route))
#4 D:\Mywork\ahmed\source\portal.pathtoarabic.com\vendor\slim\slim\Slim\Middleware\Flash.php(86): Slim\Slim->call()
#5 D:\Mywork\ahmed\source\portal.pathtoarabic.com\vendor\slim\slim\Slim\Middleware\MethodOverride.php(94): Slim\Middleware\Flash->call()
#6 D:\Mywork\ahmed\source\portal.pathtoarabic.com\vendor\slim\slim\Slim\Middleware\PrettyExceptions.php(67): Slim\Middleware\MethodOverride->call()
#7 D:\Mywork\ahmed\source\portal.pathtoarabic.com\vendor\slim\slim\Slim\Slim.php(1174): Slim\Middleware\PrettyExceptions->call()
#8 D:\Mywork\ahmed\source\portal.pathtoarabic.com\public\index.php(106): Slim\Slim->run()
#9 {main}
ERROR - 2015-04-30T07:39:40+00:00 - exception 'ErrorException' with message 'Undefined index: user' in D:\Mywork\ahmed\source\portal.pathtoarabic.com\public\lib\routes-api.inc.php:110
Stack trace:
#0 D:\Mywork\ahmed\source\portal.pathtoarabic.com\public\lib\routes-api.inc.php(110): Slim\Slim::handleErrors(8, 'Undefined index...', 'D:\Mywork\ahmed...', 110, Array)
#1 [internal function]: {closure}('1', '6')
#2 D:\Mywork\ahmed\source\portal.pathtoarabic.com\vendor\slim\slim\Slim\Router.php(172): call_user_func_array(Object(Closure), Array)
#3 D:\Mywork\ahmed\source\portal.pathtoarabic.com\vendor\slim\slim\Slim\Slim.php(1222): Slim\Router->dispatch(Object(Slim\Route))
#4 D:\Mywork\ahmed\source\portal.pathtoarabic.com\vendor\slim\slim\Slim\Middleware\Flash.php(86): Slim\Slim->call()
#5 D:\Mywork\ahmed\source\portal.pathtoarabic.com\vendor\slim\slim\Slim\Middleware\MethodOverride.php(94): Slim\Middleware\Flash->call()
#6 D:\Mywork\ahmed\source\portal.pathtoarabic.com\vendor\slim\slim\Slim\Middleware\PrettyExceptions.php(67): Slim\Middleware\MethodOverride->call()
#7 D:\Mywork\ahmed\source\portal.pathtoarabic.com\vendor\slim\slim\Slim\Slim.php(1174): Slim\Middleware\PrettyExceptions->call()
#8 D:\Mywork\ahmed\source\portal.pathtoarabic.com\public\index.php(106): Slim\Slim->run()
#9 {main}
ERROR - 2015-04-30T07:40:10+00:00 - exception 'ErrorException' with message 'Undefined index: user' in D:\Mywork\ahmed\source\portal.pathtoarabic.com\public\lib\routes-api.inc.php:110
Stack trace:
#0 D:\Mywork\ahmed\source\portal.pathtoarabic.com\public\lib\routes-api.inc.php(110): Slim\Slim::handleErrors(8, 'Undefined index...', 'D:\Mywork\ahmed...', 110, Array)
#1 [internal function]: {closure}('1', '6')
#2 D:\Mywork\ahmed\source\portal.pathtoarabic.com\vendor\slim\slim\Slim\Router.php(172): call_user_func_array(Object(Closure), Array)
#3 D:\Mywork\ahmed\source\portal.pathtoarabic.com\vendor\slim\slim\Slim\Slim.php(1222): Slim\Router->dispatch(Object(Slim\Route))
#4 D:\Mywork\ahmed\source\portal.pathtoarabic.com\vendor\slim\slim\Slim\Middleware\Flash.php(86): Slim\Slim->call()
#5 D:\Mywork\ahmed\source\portal.pathtoarabic.com\vendor\slim\slim\Slim\Middleware\MethodOverride.php(94): Slim\Middleware\Flash->call()
#6 D:\Mywork\ahmed\source\portal.pathtoarabic.com\vendor\slim\slim\Slim\Middleware\PrettyExceptions.php(67): Slim\Middleware\MethodOverride->call()
#7 D:\Mywork\ahmed\source\portal.pathtoarabic.com\vendor\slim\slim\Slim\Slim.php(1174): Slim\Middleware\PrettyExceptions->call()
#8 D:\Mywork\ahmed\source\portal.pathtoarabic.com\public\index.php(106): Slim\Slim->run()
#9 {main}
ERROR - 2015-04-30T07:41:39+00:00 - exception 'ErrorException' with message 'Undefined index: user' in D:\Mywork\ahmed\source\portal.pathtoarabic.com\public\lib\routes-api.inc.php:110
Stack trace:
#0 D:\Mywork\ahmed\source\portal.pathtoarabic.com\public\lib\routes-api.inc.php(110): Slim\Slim::handleErrors(8, 'Undefined index...', 'D:\Mywork\ahmed...', 110, Array)
#1 [internal function]: {closure}('1', '6')
#2 D:\Mywork\ahmed\source\portal.pathtoarabic.com\vendor\slim\slim\Slim\Router.php(172): call_user_func_array(Object(Closure), Array)
#3 D:\Mywork\ahmed\source\portal.pathtoarabic.com\vendor\slim\slim\Slim\Slim.php(1222): Slim\Router->dispatch(Object(Slim\Route))
#4 D:\Mywork\ahmed\source\portal.pathtoarabic.com\vendor\slim\slim\Slim\Middleware\Flash.php(86): Slim\Slim->call()
#5 D:\Mywork\ahmed\source\portal.pathtoarabic.com\vendor\slim\slim\Slim\Middleware\MethodOverride.php(94): Slim\Middleware\Flash->call()
#6 D:\Mywork\ahmed\source\portal.pathtoarabic.com\vendor\slim\slim\Slim\Middleware\PrettyExceptions.php(67): Slim\Middleware\MethodOverride->call()
#7 D:\Mywork\ahmed\source\portal.pathtoarabic.com\vendor\slim\slim\Slim\Slim.php(1174): Slim\Middleware\PrettyExceptions->call()
#8 D:\Mywork\ahmed\source\portal.pathtoarabic.com\public\index.php(106): Slim\Slim->run()
#9 {main}
ERROR - 2015-04-30T07:41:55+00:00 - exception 'ErrorException' with message 'Undefined index: user' in D:\Mywork\ahmed\source\portal.pathtoarabic.com\public\lib\routes-api.inc.php:110
Stack trace:
#0 D:\Mywork\ahmed\source\portal.pathtoarabic.com\public\lib\routes-api.inc.php(110): Slim\Slim::handleErrors(8, 'Undefined index...', 'D:\Mywork\ahmed...', 110, Array)
#1 [internal function]: {closure}('1', '6')
#2 D:\Mywork\ahmed\source\portal.pathtoarabic.com\vendor\slim\slim\Slim\Router.php(172): call_user_func_array(Object(Closure), Array)
#3 D:\Mywork\ahmed\source\portal.pathtoarabic.com\vendor\slim\slim\Slim\Slim.php(1222): Slim\Router->dispatch(Object(Slim\Route))
#4 D:\Mywork\ahmed\source\portal.pathtoarabic.com\vendor\slim\slim\Slim\Middleware\Flash.php(86): Slim\Slim->call()
#5 D:\Mywork\ahmed\source\portal.pathtoarabic.com\vendor\slim\slim\Slim\Middleware\MethodOverride.php(94): Slim\Middleware\Flash->call()
#6 D:\Mywork\ahmed\source\portal.pathtoarabic.com\vendor\slim\slim\Slim\Middleware\PrettyExceptions.php(67): Slim\Middleware\MethodOverride->call()
#7 D:\Mywork\ahmed\source\portal.pathtoarabic.com\vendor\slim\slim\Slim\Slim.php(1174): Slim\Middleware\PrettyExceptions->call()
#8 D:\Mywork\ahmed\source\portal.pathtoarabic.com\public\index.php(106): Slim\Slim->run()
#9 {main}
ERROR - 2015-04-30T07:41:56+00:00 - exception 'ErrorException' with message 'Undefined index: user' in D:\Mywork\ahmed\source\portal.pathtoarabic.com\public\lib\routes-api.inc.php:110
Stack trace:
#0 D:\Mywork\ahmed\source\portal.pathtoarabic.com\public\lib\routes-api.inc.php(110): Slim\Slim::handleErrors(8, 'Undefined index...', 'D:\Mywork\ahmed...', 110, Array)
#1 [internal function]: {closure}('1', '6')
#2 D:\Mywork\ahmed\source\portal.pathtoarabic.com\vendor\slim\slim\Slim\Router.php(172): call_user_func_array(Object(Closure), Array)
#3 D:\Mywork\ahmed\source\portal.pathtoarabic.com\vendor\slim\slim\Slim\Slim.php(1222): Slim\Router->dispatch(Object(Slim\Route))
#4 D:\Mywork\ahmed\source\portal.pathtoarabic.com\vendor\slim\slim\Slim\Middleware\Flash.php(86): Slim\Slim->call()
#5 D:\Mywork\ahmed\source\portal.pathtoarabic.com\vendor\slim\slim\Slim\Middleware\MethodOverride.php(94): Slim\Middleware\Flash->call()
#6 D:\Mywork\ahmed\source\portal.pathtoarabic.com\vendor\slim\slim\Slim\Middleware\PrettyExceptions.php(67): Slim\Middleware\MethodOverride->call()
#7 D:\Mywork\ahmed\source\portal.pathtoarabic.com\vendor\slim\slim\Slim\Slim.php(1174): Slim\Middleware\PrettyExceptions->call()
#8 D:\Mywork\ahmed\source\portal.pathtoarabic.com\public\index.php(106): Slim\Slim->run()
#9 {main}
ERROR - 2015-04-30T07:41:58+00:00 - exception 'ErrorException' with message 'Undefined index: user' in D:\Mywork\ahmed\source\portal.pathtoarabic.com\public\lib\routes-api.inc.php:110
Stack trace:
#0 D:\Mywork\ahmed\source\portal.pathtoarabic.com\public\lib\routes-api.inc.php(110): Slim\Slim::handleErrors(8, 'Undefined index...', 'D:\Mywork\ahmed...', 110, Array)
#1 [internal function]: {closure}('1', '6')
#2 D:\Mywork\ahmed\source\portal.pathtoarabic.com\vendor\slim\slim\Slim\Router.php(172): call_user_func_array(Object(Closure), Array)
#3 D:\Mywork\ahmed\source\portal.pathtoarabic.com\vendor\slim\slim\Slim\Slim.php(1222): Slim\Router->dispatch(Object(Slim\Route))
#4 D:\Mywork\ahmed\source\portal.pathtoarabic.com\vendor\slim\slim\Slim\Middleware\Flash.php(86): Slim\Slim->call()
#5 D:\Mywork\ahmed\source\portal.pathtoarabic.com\vendor\slim\slim\Slim\Middleware\MethodOverride.php(94): Slim\Middleware\Flash->call()
#6 D:\Mywork\ahmed\source\portal.pathtoarabic.com\vendor\slim\slim\Slim\Middleware\PrettyExceptions.php(67): Slim\Middleware\MethodOverride->call()
#7 D:\Mywork\ahmed\source\portal.pathtoarabic.com\vendor\slim\slim\Slim\Slim.php(1174): Slim\Middleware\PrettyExceptions->call()
#8 D:\Mywork\ahmed\source\portal.pathtoarabic.com\public\index.php(106): Slim\Slim->run()
#9 {main}
ERROR - 2015-04-30T07:41:59+00:00 - exception 'ErrorException' with message 'Undefined index: user' in D:\Mywork\ahmed\source\portal.pathtoarabic.com\public\lib\routes-api.inc.php:110
Stack trace:
#0 D:\Mywork\ahmed\source\portal.pathtoarabic.com\public\lib\routes-api.inc.php(110): Slim\Slim::handleErrors(8, 'Undefined index...', 'D:\Mywork\ahmed...', 110, Array)
#1 [internal function]: {closure}('1', '6')
#2 D:\Mywork\ahmed\source\portal.pathtoarabic.com\vendor\slim\slim\Slim\Router.php(172): call_user_func_array(Object(Closure), Array)
#3 D:\Mywork\ahmed\source\portal.pathtoarabic.com\vendor\slim\slim\Slim\Slim.php(1222): Slim\Router->dispatch(Object(Slim\Route))
#4 D:\Mywork\ahmed\source\portal.pathtoarabic.com\vendor\slim\slim\Slim\Middleware\Flash.php(86): Slim\Slim->call()
#5 D:\Mywork\ahmed\source\portal.pathtoarabic.com\vendor\slim\slim\Slim\Middleware\MethodOverride.php(94): Slim\Middleware\Flash->call()
#6 D:\Mywork\ahmed\source\portal.pathtoarabic.com\vendor\slim\slim\Slim\Middleware\PrettyExceptions.php(67): Slim\Middleware\MethodOverride->call()
#7 D:\Mywork\ahmed\source\portal.pathtoarabic.com\vendor\slim\slim\Slim\Slim.php(1174): Slim\Middleware\PrettyExceptions->call()
#8 D:\Mywork\ahmed\source\portal.pathtoarabic.com\public\index.php(106): Slim\Slim->run()
#9 {main}
ERROR - 2015-04-30T07:42:01+00:00 - exception 'ErrorException' with message 'Undefined index: user' in D:\Mywork\ahmed\source\portal.pathtoarabic.com\public\lib\routes-api.inc.php:110
Stack trace:
#0 D:\Mywork\ahmed\source\portal.pathtoarabic.com\public\lib\routes-api.inc.php(110): Slim\Slim::handleErrors(8, 'Undefined index...', 'D:\Mywork\ahmed...', 110, Array)
#1 [internal function]: {closure}('1', '6')
#2 D:\Mywork\ahmed\source\portal.pathtoarabic.com\vendor\slim\slim\Slim\Router.php(172): call_user_func_array(Object(Closure), Array)
#3 D:\Mywork\ahmed\source\portal.pathtoarabic.com\vendor\slim\slim\Slim\Slim.php(1222): Slim\Router->dispatch(Object(Slim\Route))
#4 D:\Mywork\ahmed\source\portal.pathtoarabic.com\vendor\slim\slim\Slim\Middleware\Flash.php(86): Slim\Slim->call()
#5 D:\Mywork\ahmed\source\portal.pathtoarabic.com\vendor\slim\slim\Slim\Middleware\MethodOverride.php(94): Slim\Middleware\Flash->call()
#6 D:\Mywork\ahmed\source\portal.pathtoarabic.com\vendor\slim\slim\Slim\Middleware\PrettyExceptions.php(67): Slim\Middleware\MethodOverride->call()
#7 D:\Mywork\ahmed\source\portal.pathtoarabic.com\vendor\slim\slim\Slim\Slim.php(1174): Slim\Middleware\PrettyExceptions->call()
#8 D:\Mywork\ahmed\source\portal.pathtoarabic.com\public\index.php(106): Slim\Slim->run()
#9 {main}
ERROR - 2015-04-30T07:42:03+00:00 - exception 'ErrorException' with message 'Undefined index: user' in D:\Mywork\ahmed\source\portal.pathtoarabic.com\public\lib\routes-api.inc.php:110
Stack trace:
#0 D:\Mywork\ahmed\source\portal.pathtoarabic.com\public\lib\routes-api.inc.php(110): Slim\Slim::handleErrors(8, 'Undefined index...', 'D:\Mywork\ahmed...', 110, Array)
#1 [internal function]: {closure}('1', '6')
#2 D:\Mywork\ahmed\source\portal.pathtoarabic.com\vendor\slim\slim\Slim\Router.php(172): call_user_func_array(Object(Closure), Array)
#3 D:\Mywork\ahmed\source\portal.pathtoarabic.com\vendor\slim\slim\Slim\Slim.php(1222): Slim\Router->dispatch(Object(Slim\Route))
#4 D:\Mywork\ahmed\source\portal.pathtoarabic.com\vendor\slim\slim\Slim\Middleware\Flash.php(86): Slim\Slim->call()
#5 D:\Mywork\ahmed\source\portal.pathtoarabic.com\vendor\slim\slim\Slim\Middleware\MethodOverride.php(94): Slim\Middleware\Flash->call()
#6 D:\Mywork\ahmed\source\portal.pathtoarabic.com\vendor\slim\slim\Slim\Middleware\PrettyExceptions.php(67): Slim\Middleware\MethodOverride->call()
#7 D:\Mywork\ahmed\source\portal.pathtoarabic.com\vendor\slim\slim\Slim\Slim.php(1174): Slim\Middleware\PrettyExceptions->call()
#8 D:\Mywork\ahmed\source\portal.pathtoarabic.com\public\index.php(106): Slim\Slim->run()
#9 {main}
ERROR - 2015-04-30T09:50:32+00:00 - exception 'ErrorException' with message 'Undefined index: user' in D:\Mywork\ahmed\source\portal.pathtoarabic.com\public\lib\routes-api.inc.php:110
Stack trace:
#0 D:\Mywork\ahmed\source\portal.pathtoarabic.com\public\lib\routes-api.inc.php(110): Slim\Slim::handleErrors(8, 'Undefined index...', 'D:\Mywork\ahmed...', 110, Array)
#1 [internal function]: {closure}('1', '6')
#2 D:\Mywork\ahmed\source\portal.pathtoarabic.com\vendor\slim\slim\Slim\Router.php(172): call_user_func_array(Object(Closure), Array)
#3 D:\Mywork\ahmed\source\portal.pathtoarabic.com\vendor\slim\slim\Slim\Slim.php(1222): Slim\Router->dispatch(Object(Slim\Route))
#4 D:\Mywork\ahmed\source\portal.pathtoarabic.com\vendor\slim\slim\Slim\Middleware\Flash.php(86): Slim\Slim->call()
#5 D:\Mywork\ahmed\source\portal.pathtoarabic.com\vendor\slim\slim\Slim\Middleware\MethodOverride.php(94): Slim\Middleware\Flash->call()
#6 D:\Mywork\ahmed\source\portal.pathtoarabic.com\vendor\slim\slim\Slim\Middleware\PrettyExceptions.php(67): Slim\Middleware\MethodOverride->call()
#7 D:\Mywork\ahmed\source\portal.pathtoarabic.com\vendor\slim\slim\Slim\Slim.php(1174): Slim\Middleware\PrettyExceptions->call()
#8 D:\Mywork\ahmed\source\portal.pathtoarabic.com\public\index.php(106): Slim\Slim->run()
#9 {main}
ERROR - 2015-04-30T09:50:35+00:00 - exception 'ErrorException' with message 'Undefined index: user' in D:\Mywork\ahmed\source\portal.pathtoarabic.com\public\lib\routes-api.inc.php:110
Stack trace:
#0 D:\Mywork\ahmed\source\portal.pathtoarabic.com\public\lib\routes-api.inc.php(110): Slim\Slim::handleErrors(8, 'Undefined index...', 'D:\Mywork\ahmed...', 110, Array)
#1 [internal function]: {closure}('1', '6')
#2 D:\Mywork\ahmed\source\portal.pathtoarabic.com\vendor\slim\slim\Slim\Router.php(172): call_user_func_array(Object(Closure), Array)
#3 D:\Mywork\ahmed\source\portal.pathtoarabic.com\vendor\slim\slim\Slim\Slim.php(1222): Slim\Router->dispatch(Object(Slim\Route))
#4 D:\Mywork\ahmed\source\portal.pathtoarabic.com\vendor\slim\slim\Slim\Middleware\Flash.php(86): Slim\Slim->call()
#5 D:\Mywork\ahmed\source\portal.pathtoarabic.com\vendor\slim\slim\Slim\Middleware\MethodOverride.php(94): Slim\Middleware\Flash->call()
#6 D:\Mywork\ahmed\source\portal.pathtoarabic.com\vendor\slim\slim\Slim\Middleware\PrettyExceptions.php(67): Slim\Middleware\MethodOverride->call()
#7 D:\Mywork\ahmed\source\portal.pathtoarabic.com\vendor\slim\slim\Slim\Slim.php(1174): Slim\Middleware\PrettyExceptions->call()
#8 D:\Mywork\ahmed\source\portal.pathtoarabic.com\public\index.php(106): Slim\Slim->run()
#9 {main}
ERROR - 2015-04-30T09:50:38+00:00 - exception 'ErrorException' with message 'Undefined index: user' in D:\Mywork\ahmed\source\portal.pathtoarabic.com\public\lib\routes-api.inc.php:110
Stack trace:
#0 D:\Mywork\ahmed\source\portal.pathtoarabic.com\public\lib\routes-api.inc.php(110): Slim\Slim::handleErrors(8, 'Undefined index...', 'D:\Mywork\ahmed...', 110, Array)
#1 [internal function]: {closure}('1', '6')
#2 D:\Mywork\ahmed\source\portal.pathtoarabic.com\vendor\slim\slim\Slim\Router.php(172): call_user_func_array(Object(Closure), Array)
#3 D:\Mywork\ahmed\source\portal.pathtoarabic.com\vendor\slim\slim\Slim\Slim.php(1222): Slim\Router->dispatch(Object(Slim\Route))
#4 D:\Mywork\ahmed\source\portal.pathtoarabic.com\vendor\slim\slim\Slim\Middleware\Flash.php(86): Slim\Slim->call()
#5 D:\Mywork\ahmed\source\portal.pathtoarabic.com\vendor\slim\slim\Slim\Middleware\MethodOverride.php(94): Slim\Middleware\Flash->call()
#6 D:\Mywork\ahmed\source\portal.pathtoarabic.com\vendor\slim\slim\Slim\Middleware\PrettyExceptions.php(67): Slim\Middleware\MethodOverride->call()
#7 D:\Mywork\ahmed\source\portal.pathtoarabic.com\vendor\slim\slim\Slim\Slim.php(1174): Slim\Middleware\PrettyExceptions->call()
#8 D:\Mywork\ahmed\source\portal.pathtoarabic.com\public\index.php(106): Slim\Slim->run()
#9 {main}
ERROR - 2015-04-30T09:53:33+00:00 - exception 'ErrorException' with message 'Undefined index: user' in D:\Mywork\ahmed\source\portal.pathtoarabic.com\public\lib\routes-api.inc.php:110
Stack trace:
#0 D:\Mywork\ahmed\source\portal.pathtoarabic.com\public\lib\routes-api.inc.php(110): Slim\Slim::handleErrors(8, 'Undefined index...', 'D:\Mywork\ahmed...', 110, Array)
#1 [internal function]: {closure}('1', '6')
#2 D:\Mywork\ahmed\source\portal.pathtoarabic.com\vendor\slim\slim\Slim\Router.php(172): call_user_func_array(Object(Closure), Array)
#3 D:\Mywork\ahmed\source\portal.pathtoarabic.com\vendor\slim\slim\Slim\Slim.php(1222): Slim\Router->dispatch(Object(Slim\Route))
#4 D:\Mywork\ahmed\source\portal.pathtoarabic.com\vendor\slim\slim\Slim\Middleware\Flash.php(86): Slim\Slim->call()
#5 D:\Mywork\ahmed\source\portal.pathtoarabic.com\vendor\slim\slim\Slim\Middleware\MethodOverride.php(94): Slim\Middleware\Flash->call()
#6 D:\Mywork\ahmed\source\portal.pathtoarabic.com\vendor\slim\slim\Slim\Middleware\PrettyExceptions.php(67): Slim\Middleware\MethodOverride->call()
#7 D:\Mywork\ahmed\source\portal.pathtoarabic.com\vendor\slim\slim\Slim\Slim.php(1174): Slim\Middleware\PrettyExceptions->call()
#8 D:\Mywork\ahmed\source\portal.pathtoarabic.com\public\index.php(106): Slim\Slim->run()
#9 {main}
ERROR - 2015-04-30T09:53:37+00:00 - exception 'ErrorException' with message 'Undefined index: user' in D:\Mywork\ahmed\source\portal.pathtoarabic.com\public\lib\routes-api.inc.php:110
Stack trace:
#0 D:\Mywork\ahmed\source\portal.pathtoarabic.com\public\lib\routes-api.inc.php(110): Slim\Slim::handleErrors(8, 'Undefined index...', 'D:\Mywork\ahmed...', 110, Array)
#1 [internal function]: {closure}('1', '6')
#2 D:\Mywork\ahmed\source\portal.pathtoarabic.com\vendor\slim\slim\Slim\Router.php(172): call_user_func_array(Object(Closure), Array)
#3 D:\Mywork\ahmed\source\portal.pathtoarabic.com\vendor\slim\slim\Slim\Slim.php(1222): Slim\Router->dispatch(Object(Slim\Route))
#4 D:\Mywork\ahmed\source\portal.pathtoarabic.com\vendor\slim\slim\Slim\Middleware\Flash.php(86): Slim\Slim->call()
#5 D:\Mywork\ahmed\source\portal.pathtoarabic.com\vendor\slim\slim\Slim\Middleware\MethodOverride.php(94): Slim\Middleware\Flash->call()
#6 D:\Mywork\ahmed\source\portal.pathtoarabic.com\vendor\slim\slim\Slim\Middleware\PrettyExceptions.php(67): Slim\Middleware\MethodOverride->call()
#7 D:\Mywork\ahmed\source\portal.pathtoarabic.com\vendor\slim\slim\Slim\Slim.php(1174): Slim\Middleware\PrettyExceptions->call()
#8 D:\Mywork\ahmed\source\portal.pathtoarabic.com\public\index.php(106): Slim\Slim->run()
#9 {main}
ERROR - 2015-04-30T09:53:39+00:00 - exception 'ErrorException' with message 'Undefined index: user' in D:\Mywork\ahmed\source\portal.pathtoarabic.com\public\lib\routes-api.inc.php:110
Stack trace:
#0 D:\Mywork\ahmed\source\portal.pathtoarabic.com\public\lib\routes-api.inc.php(110): Slim\Slim::handleErrors(8, 'Undefined index...', 'D:\Mywork\ahmed...', 110, Array)
#1 [internal function]: {closure}('1', '6')
#2 D:\Mywork\ahmed\source\portal.pathtoarabic.com\vendor\slim\slim\Slim\Router.php(172): call_user_func_array(Object(Closure), Array)
#3 D:\Mywork\ahmed\source\portal.pathtoarabic.com\vendor\slim\slim\Slim\Slim.php(1222): Slim\Router->dispatch(Object(Slim\Route))
#4 D:\Mywork\ahmed\source\portal.pathtoarabic.com\vendor\slim\slim\Slim\Middleware\Flash.php(86): Slim\Slim->call()
#5 D:\Mywork\ahmed\source\portal.pathtoarabic.com\vendor\slim\slim\Slim\Middleware\MethodOverride.php(94): Slim\Middleware\Flash->call()
#6 D:\Mywork\ahmed\source\portal.pathtoarabic.com\vendor\slim\slim\Slim\Middleware\PrettyExceptions.php(67): Slim\Middleware\MethodOverride->call()
#7 D:\Mywork\ahmed\source\portal.pathtoarabic.com\vendor\slim\slim\Slim\Slim.php(1174): Slim\Middleware\PrettyExceptions->call()
#8 D:\Mywork\ahmed\source\portal.pathtoarabic.com\public\index.php(106): Slim\Slim->run()
#9 {main}
